<?xml version="1.0" encoding="UTF-8"?>
<coverage generated="1537146594094" clover="3.2.0">
  <project timestamp="1537146594094" name="All files">
    <metrics statements="328" coveredstatements="213" conditionals="143" coveredconditionals="100" methods="138" coveredmethods="99" elements="609" coveredelements="412" complexity="0" loc="328" ncloc="328" packages="16" files="49" classes="49">
      <package name="src">
        <metrics statements="29" coveredstatements="0" conditionals="4" coveredconditionals="0" methods="4" coveredmethods="0"/>
        <file name="app.js" path="C:\BusinessBusiness\tammy\src\app.js">
          <metrics statements="28" coveredstatements="0" conditionals="4" coveredconditionals="0" methods="4" coveredmethods="0"/>
          <line num="1" count="0" type="stmt"/>
          <line num="2" count="0" type="stmt"/>
          <line num="3" count="0" type="stmt"/>
          <line num="4" count="0" type="stmt"/>
          <line num="5" count="0" type="stmt"/>
          <line num="6" count="0" type="stmt"/>
          <line num="8" count="0" type="stmt"/>
          <line num="9" count="0" type="stmt"/>
          <line num="10" count="0" type="stmt"/>
          <line num="11" count="0" type="stmt"/>
          <line num="12" count="0" type="stmt"/>
          <line num="13" count="0" type="stmt"/>
          <line num="15" count="0" type="stmt"/>
          <line num="18" count="0" type="stmt"/>
          <line num="23" count="0" type="stmt"/>
          <line num="24" count="0" type="stmt"/>
          <line num="25" count="0" type="cond" truecount="0" falsecount="2"/>
          <line num="26" count="0" type="stmt"/>
          <line num="27" count="0" type="stmt"/>
          <line num="31" count="0" type="stmt"/>
          <line num="33" count="0" type="stmt"/>
          <line num="34" count="0" type="stmt"/>
          <line num="35" count="0" type="cond" truecount="0" falsecount="2"/>
          <line num="36" count="0" type="stmt"/>
          <line num="37" count="0" type="stmt"/>
          <line num="38" count="0" type="stmt"/>
          <line num="41" count="0" type="stmt"/>
          <line num="42" count="0" type="stmt"/>
        </file>
        <file name="config.js" path="C:\BusinessBusiness\tammy\src\config.js">
          <metrics statements="1" coveredstatements="0" conditionals="0" coveredconditionals="0" methods="0" coveredmethods="0"/>
          <line num="1" count="0" type="stmt"/>
        </file>
      </package>
      <package name="src.actions">
        <metrics statements="25" coveredstatements="25" conditionals="1" coveredconditionals="1" methods="23" coveredmethods="23"/>
        <file name="auth.js" path="C:\BusinessBusiness\tammy\src\actions\auth.js">
          <metrics statements="5" coveredstatements="5" conditionals="1" coveredconditionals="1" methods="6" coveredmethods="6"/>
          <line num="4" count="3" type="cond" truecount="1" falsecount="0"/>
          <line num="5" count="3" type="stmt"/>
          <line num="7" count="3" type="stmt"/>
          <line num="11" count="3" type="stmt"/>
          <line num="12" count="2" type="stmt"/>
        </file>
        <file name="position.js" path="C:\BusinessBusiness\tammy\src\actions\position.js">
          <metrics statements="5" coveredstatements="5" conditionals="0" coveredconditionals="0" methods="5" coveredmethods="5"/>
          <line num="3" count="5" type="stmt"/>
          <line num="4" count="1" type="stmt"/>
          <line num="5" count="1" type="stmt"/>
          <line num="6" count="1" type="stmt"/>
          <line num="9" count="5" type="stmt"/>
        </file>
        <file name="positions.js" path="C:\BusinessBusiness\tammy\src\actions\positions.js">
          <metrics statements="6" coveredstatements="6" conditionals="0" coveredconditionals="0" methods="4" coveredmethods="4"/>
          <line num="4" count="1" type="stmt"/>
          <line num="5" count="1" type="stmt"/>
          <line num="6" count="1" type="stmt"/>
          <line num="7" count="1" type="stmt"/>
          <line num="8" count="2" type="stmt"/>
          <line num="14" count="1" type="stmt"/>
        </file>
        <file name="user.js" path="C:\BusinessBusiness\tammy\src\actions\user.js">
          <metrics statements="9" coveredstatements="9" conditionals="0" coveredconditionals="0" methods="8" coveredmethods="8"/>
          <line num="4" count="4" type="stmt"/>
          <line num="5" count="1" type="stmt"/>
          <line num="7" count="1" type="stmt"/>
          <line num="8" count="1" type="stmt"/>
          <line num="16" count="4" type="stmt"/>
          <line num="17" count="1" type="stmt"/>
          <line num="19" count="1" type="stmt"/>
          <line num="20" count="1" type="stmt"/>
          <line num="24" count="4" type="stmt"/>
        </file>
      </package>
      <package name="src.actions.filters">
        <metrics statements="2" coveredstatements="2" conditionals="1" coveredconditionals="0" methods="2" coveredmethods="2"/>
        <file name="positionsText.js" path="C:\BusinessBusiness\tammy\src\actions\filters\positionsText.js">
          <metrics statements="2" coveredstatements="2" conditionals="1" coveredconditionals="0" methods="2" coveredmethods="2"/>
          <line num="1" count="4" type="cond" truecount="0" falsecount="1"/>
          <line num="6" count="4" type="stmt"/>
        </file>
      </package>
      <package name="src.actions.helpers">
        <metrics statements="8" coveredstatements="8" conditionals="0" coveredconditionals="0" methods="8" coveredmethods="8"/>
        <file name="auth.js" path="C:\BusinessBusiness\tammy\src\actions\helpers\auth.js">
          <metrics statements="2" coveredstatements="2" conditionals="0" coveredconditionals="0" methods="2" coveredmethods="2"/>
          <line num="1" count="1" type="stmt"/>
          <line num="6" count="1" type="stmt"/>
        </file>
        <file name="position.js" path="C:\BusinessBusiness\tammy\src\actions\helpers\position.js">
          <metrics statements="2" coveredstatements="2" conditionals="0" coveredconditionals="0" methods="2" coveredmethods="2"/>
          <line num="1" count="6" type="stmt"/>
          <line num="6" count="6" type="stmt"/>
        </file>
        <file name="positions.js" path="C:\BusinessBusiness\tammy\src\actions\helpers\positions.js">
          <metrics statements="1" coveredstatements="1" conditionals="0" coveredconditionals="0" methods="1" coveredmethods="1"/>
          <line num="1" count="2" type="stmt"/>
        </file>
        <file name="user.js" path="C:\BusinessBusiness\tammy\src\actions\helpers\user.js">
          <metrics statements="3" coveredstatements="3" conditionals="0" coveredconditionals="0" methods="3" coveredmethods="3"/>
          <line num="1" count="5" type="stmt"/>
          <line num="6" count="5" type="stmt"/>
          <line num="12" count="5" type="stmt"/>
        </file>
      </package>
      <package name="src.components.__templates__">
        <metrics statements="7" coveredstatements="0" conditionals="2" coveredconditionals="0" methods="2" coveredmethods="0"/>
        <file name="__templateClass.js" path="C:\BusinessBusiness\tammy\src\components\__templates__\__templateClass.js">
          <metrics statements="5" coveredstatements="0" conditionals="2" coveredconditionals="0" methods="1" coveredmethods="0"/>
          <line num="1" count="0" type="stmt"/>
          <line num="2" count="0" type="stmt"/>
          <line num="5" count="0" type="cond" truecount="0" falsecount="2"/>
          <line num="10" count="0" type="stmt"/>
          <line num="14" count="0" type="stmt"/>
        </file>
        <file name="__templateSection.js" path="C:\BusinessBusiness\tammy\src\components\__templates__\__templateSection.js">
          <metrics statements="2" coveredstatements="0" conditionals="0" coveredconditionals="0" methods="1" coveredmethods="0"/>
          <line num="1" count="0" type="stmt"/>
          <line num="3" count="0" type="stmt"/>
        </file>
      </package>
      <package name="src.components.core">
        <metrics statements="34" coveredstatements="31" conditionals="8" coveredconditionals="8" methods="18" coveredmethods="13"/>
        <file name="DashboardPage.js" path="C:\BusinessBusiness\tammy\src\components\core\DashboardPage.js">
          <metrics statements="2" coveredstatements="2" conditionals="0" coveredconditionals="0" methods="1" coveredmethods="1"/>
          <line num="3" count="1" type="stmt"/>
          <line num="4" count="1" type="stmt"/>
        </file>
        <file name="Footer.js" path="C:\BusinessBusiness\tammy\src\components\core\Footer.js">
          <metrics statements="2" coveredstatements="2" conditionals="0" coveredconditionals="0" methods="1" coveredmethods="1"/>
          <line num="3" count="1" type="stmt"/>
          <line num="4" count="1" type="stmt"/>
        </file>
        <file name="LoadingPage.js" path="C:\BusinessBusiness\tammy\src\components\core\LoadingPage.js">
          <metrics statements="2" coveredstatements="2" conditionals="0" coveredconditionals="0" methods="1" coveredmethods="1"/>
          <line num="3" count="5" type="stmt"/>
          <line num="4" count="1" type="stmt"/>
        </file>
        <file name="LoggedOutPage.js" path="C:\BusinessBusiness\tammy\src\components\core\LoggedOutPage.js">
          <metrics statements="2" coveredstatements="2" conditionals="0" coveredconditionals="0" methods="1" coveredmethods="1"/>
          <line num="4" count="1" type="stmt"/>
          <line num="5" count="1" type="stmt"/>
        </file>
        <file name="LoginPage.js" path="C:\BusinessBusiness\tammy\src\components\core\LoginPage.js">
          <metrics statements="5" coveredstatements="4" conditionals="0" coveredconditionals="0" methods="3" coveredmethods="1"/>
          <line num="6" count="1" type="stmt"/>
          <line num="7" count="2" type="stmt"/>
          <line num="19" count="1" type="stmt"/>
          <line num="23" count="1" type="stmt"/>
          <line num="24" count="0" type="stmt"/>
        </file>
        <file name="Navbar.js" path="C:\BusinessBusiness\tammy\src\components\core\Navbar.js">
          <metrics statements="19" coveredstatements="17" conditionals="8" coveredconditionals="8" methods="10" coveredmethods="7"/>
          <line num="10" count="1" type="stmt"/>
          <line num="11" count="1" type="stmt"/>
          <line num="12" count="1" type="stmt"/>
          <line num="16" count="16" type="stmt"/>
          <line num="17" count="16" type="stmt"/>
          <line num="23" count="3" type="stmt"/>
          <line num="24" count="3" type="stmt"/>
          <line num="25" count="3" type="stmt"/>
          <line num="31" count="3" type="stmt"/>
          <line num="32" count="3" type="stmt"/>
          <line num="33" count="3" type="stmt"/>
          <line num="39" count="3" type="stmt"/>
          <line num="40" count="3" type="stmt"/>
          <line num="41" count="3" type="stmt"/>
          <line num="45" count="25" type="stmt"/>
          <line num="86" count="1" type="stmt"/>
          <line num="92" count="1" type="stmt"/>
          <line num="93" count="0" type="stmt"/>
          <line num="94" count="0" type="stmt"/>
        </file>
        <file name="NotFoundPage.js" path="C:\BusinessBusiness\tammy\src\components\core\NotFoundPage.js">
          <metrics statements="2" coveredstatements="2" conditionals="0" coveredconditionals="0" methods="1" coveredmethods="1"/>
          <line num="3" count="1" type="stmt"/>
          <line num="4" count="1" type="stmt"/>
        </file>
      </package>
      <package name="src.components.position">
        <metrics statements="37" coveredstatements="35" conditionals="14" coveredconditionals="13" methods="26" coveredmethods="19"/>
        <file name="PositionContainer.js" path="C:\BusinessBusiness\tammy\src\components\position\PositionContainer.js">
          <metrics statements="6" coveredstatements="6" conditionals="4" coveredconditionals="3" methods="3" coveredmethods="2"/>
          <line num="12" count="3" type="stmt"/>
          <line num="16" count="3" type="stmt"/>
          <line num="17" count="3" type="stmt"/>
          <line num="19" count="3" type="stmt"/>
          <line num="38" count="2" type="stmt"/>
          <line num="46" count="2" type="stmt"/>
        </file>
        <file name="PositionDetails.js" path="C:\BusinessBusiness\tammy\src\components\position\PositionDetails.js">
          <metrics statements="5" coveredstatements="5" conditionals="4" coveredconditionals="4" methods="3" coveredmethods="2"/>
          <line num="8" count="2" type="stmt"/>
          <line num="12" count="2" type="stmt"/>
          <line num="13" count="2" type="stmt"/>
          <line num="43" count="3" type="stmt"/>
          <line num="50" count="3" type="stmt"/>
        </file>
        <file name="PositionDetailsContent.js" path="C:\BusinessBusiness\tammy\src\components\position\PositionDetailsContent.js">
          <metrics statements="6" coveredstatements="6" conditionals="4" coveredconditionals="4" methods="4" coveredmethods="4"/>
          <line num="6" count="1" type="stmt"/>
          <line num="10" count="1" type="stmt"/>
          <line num="11" count="1" type="stmt"/>
          <line num="22" count="2" type="stmt"/>
          <line num="32" count="2" type="stmt"/>
          <line num="42" count="4" type="stmt"/>
        </file>
        <file name="PositionList.js" path="C:\BusinessBusiness\tammy\src\components\position\PositionList.js">
          <metrics statements="6" coveredstatements="6" conditionals="2" coveredconditionals="2" methods="3" coveredmethods="3"/>
          <line num="7" count="2" type="stmt"/>
          <line num="11" count="2" type="cond" truecount="2" falsecount="0"/>
          <line num="12" count="1" type="stmt"/>
          <line num="19" count="1" type="stmt"/>
          <line num="23" count="2" type="stmt"/>
          <line num="33" count="3" type="stmt"/>
        </file>
        <file name="PositionListFilter.js" path="C:\BusinessBusiness\tammy\src\components\position\PositionListFilter.js">
          <metrics statements="6" coveredstatements="5" conditionals="0" coveredconditionals="0" methods="5" coveredmethods="2"/>
          <line num="8" count="1" type="stmt"/>
          <line num="12" count="2" type="stmt"/>
          <line num="28" count="3" type="stmt"/>
          <line num="32" count="3" type="stmt"/>
          <line num="33" count="0" type="stmt"/>
          <line num="38" count="3" type="stmt"/>
        </file>
        <file name="PositionListItem.js" path="C:\BusinessBusiness\tammy\src\components\position\PositionListItem.js">
          <metrics statements="6" coveredstatements="5" conditionals="0" coveredconditionals="0" methods="5" coveredmethods="3"/>
          <line num="8" count="2" type="stmt"/>
          <line num="12" count="1" type="stmt"/>
          <line num="16" count="2" type="stmt"/>
          <line num="34" count="4" type="stmt"/>
          <line num="35" count="0" type="stmt"/>
          <line num="40" count="4" type="stmt"/>
        </file>
        <file name="PositionsPage.js" path="C:\BusinessBusiness\tammy\src\components\position\PositionsPage.js">
          <metrics statements="2" coveredstatements="2" conditionals="0" coveredconditionals="0" methods="3" coveredmethods="3"/>
          <line num="6" count="1" type="stmt"/>
          <line num="13" count="1" type="stmt"/>
        </file>
      </package>
      <package name="src.components.user">
        <metrics statements="69" coveredstatements="60" conditionals="75" coveredconditionals="50" methods="30" coveredmethods="23"/>
        <file name="UserAddressWidget.js" path="C:\BusinessBusiness\tammy\src\components\user\UserAddressWidget.js">
          <metrics statements="20" coveredstatements="12" conditionals="27" coveredconditionals="12" methods="10" coveredmethods="6"/>
          <line num="9" count="16" type="stmt"/>
          <line num="10" count="16" type="stmt"/>
          <line num="20" count="7" type="stmt"/>
          <line num="21" count="7" type="stmt"/>
          <line num="23" count="7" type="cond" truecount="1" falsecount="2"/>
          <line num="25" count="0" type="stmt"/>
          <line num="26" count="0" type="stmt"/>
          <line num="28" count="0" type="stmt"/>
          <line num="29" count="0" type="stmt"/>
          <line num="31" count="7" type="stmt"/>
          <line num="32" count="7" type="stmt"/>
          <line num="37" count="0" type="cond" truecount="0" falsecount="4"/>
          <line num="38" count="0" type="stmt"/>
          <line num="43" count="0" type="cond" truecount="0" falsecount="4"/>
          <line num="44" count="0" type="stmt"/>
          <line num="49" count="7" type="stmt"/>
          <line num="55" count="1" type="stmt"/>
          <line num="56" count="1" type="stmt"/>
          <line num="60" count="24" type="stmt"/>
          <line num="153" count="3" type="stmt"/>
        </file>
        <file name="UserContactInfoWidget.js" path="C:\BusinessBusiness\tammy\src\components\user\UserContactInfoWidget.js">
          <metrics statements="29" coveredstatements="29" conditionals="30" coveredconditionals="24" methods="6" coveredmethods="6"/>
          <line num="10" count="22" type="stmt"/>
          <line num="11" count="22" type="stmt"/>
          <line num="22" count="1" type="stmt"/>
          <line num="24" count="1" type="stmt"/>
          <line num="28" count="4" type="stmt"/>
          <line num="29" count="4" type="stmt"/>
          <line num="31" count="4" type="cond" truecount="4" falsecount="0"/>
          <line num="32" count="2" type="stmt"/>
          <line num="33" count="2" type="stmt"/>
          <line num="36" count="2" type="stmt"/>
          <line num="37" count="2" type="stmt"/>
          <line num="42" count="12" type="stmt"/>
          <line num="43" count="12" type="stmt"/>
          <line num="45" count="12" type="cond" truecount="2" falsecount="0"/>
          <line num="46" count="4" type="stmt"/>
          <line num="49" count="8" type="cond" truecount="4" falsecount="0"/>
          <line num="52" count="4" type="cond" truecount="2" falsecount="0"/>
          <line num="53" count="2" type="stmt"/>
          <line num="55" count="4" type="stmt"/>
          <line num="57" count="2" type="cond" truecount="2" falsecount="0"/>
          <line num="58" count="1" type="stmt"/>
          <line num="60" count="2" type="stmt"/>
          <line num="62" count="2" type="cond" truecount="2" falsecount="0"/>
          <line num="63" count="1" type="stmt"/>
          <line num="65" count="2" type="stmt"/>
          <line num="71" count="1" type="stmt"/>
          <line num="72" count="1" type="stmt"/>
          <line num="76" count="36" type="stmt"/>
          <line num="167" count="3" type="stmt"/>
        </file>
        <file name="UserNameWidget.js" path="C:\BusinessBusiness\tammy\src\components\user\UserNameWidget.js">
          <metrics statements="11" coveredstatements="11" conditionals="14" coveredconditionals="10" methods="5" coveredmethods="5"/>
          <line num="9" count="13" type="stmt"/>
          <line num="10" count="13" type="stmt"/>
          <line num="19" count="4" type="stmt"/>
          <line num="20" count="4" type="stmt"/>
          <line num="22" count="4" type="stmt"/>
          <line num="28" count="3" type="cond" truecount="2" falsecount="0"/>
          <line num="29" count="3" type="stmt"/>
          <line num="30" count="3" type="stmt"/>
          <line num="31" count="3" type="stmt"/>
          <line num="35" count="23" type="stmt"/>
          <line num="118" count="3" type="stmt"/>
        </file>
        <file name="UserProfileContainer.js" path="C:\BusinessBusiness\tammy\src\components\user\UserProfileContainer.js">
          <metrics statements="7" coveredstatements="6" conditionals="4" coveredconditionals="4" methods="6" coveredmethods="3"/>
          <line num="12" count="5" type="stmt"/>
          <line num="16" count="3" type="stmt"/>
          <line num="20" count="5" type="stmt"/>
          <line num="56" count="2" type="stmt"/>
          <line num="60" count="2" type="stmt"/>
          <line num="61" count="0" type="stmt"/>
          <line num="66" count="2" type="stmt"/>
        </file>
        <file name="UserProfilePage.js" path="C:\BusinessBusiness\tammy\src\components\user\UserProfilePage.js">
          <metrics statements="2" coveredstatements="2" conditionals="0" coveredconditionals="0" methods="3" coveredmethods="3"/>
          <line num="6" count="1" type="stmt"/>
          <line num="13" count="1" type="stmt"/>
        </file>
      </package>
      <package name="src.components.user.tools">
        <metrics statements="10" coveredstatements="10" conditionals="5" coveredconditionals="5" methods="3" coveredmethods="3"/>
        <file name="inputs.js" path="C:\BusinessBusiness\tammy\src\components\user\tools\inputs.js">
          <metrics statements="10" coveredstatements="10" conditionals="5" coveredconditionals="5" methods="3" coveredmethods="3"/>
          <line num="5" count="4" type="stmt"/>
          <line num="6" count="4" type="stmt"/>
          <line num="10" count="2" type="stmt"/>
          <line num="11" count="2" type="stmt"/>
          <line num="13" count="2" type="cond" truecount="2" falsecount="0"/>
          <line num="14" count="1" type="stmt"/>
          <line num="17" count="1" type="stmt"/>
          <line num="22" count="4" type="cond" truecount="2" falsecount="0"/>
          <line num="23" count="2" type="stmt"/>
          <line num="26" count="2" type="stmt"/>
        </file>
      </package>
      <package name="src.firebase">
        <metrics statements="4" coveredstatements="4" conditionals="0" coveredconditionals="0" methods="0" coveredmethods="0"/>
        <file name="firebase.js" path="C:\BusinessBusiness\tammy\src\firebase\firebase.js">
          <metrics statements="4" coveredstatements="4" conditionals="0" coveredconditionals="0" methods="0" coveredmethods="0"/>
          <line num="3" count="7" type="stmt"/>
          <line num="12" count="7" type="stmt"/>
          <line num="14" count="7" type="stmt"/>
          <line num="15" count="7" type="stmt"/>
        </file>
      </package>
      <package name="src.reducers">
        <metrics statements="22" coveredstatements="22" conditionals="16" coveredconditionals="16" methods="4" coveredmethods="4"/>
        <file name="auth.js" path="C:\BusinessBusiness\tammy\src\reducers\auth.js">
          <metrics statements="4" coveredstatements="4" conditionals="4" coveredconditionals="4" methods="1" coveredmethods="1"/>
          <line num="2" count="3" type="cond" truecount="3" falsecount="0"/>
          <line num="4" count="1" type="stmt"/>
          <line num="8" count="1" type="stmt"/>
          <line num="10" count="1" type="stmt"/>
        </file>
        <file name="position.js" path="C:\BusinessBusiness\tammy\src\reducers\position.js">
          <metrics statements="6" coveredstatements="6" conditionals="4" coveredconditionals="4" methods="1" coveredmethods="1"/>
          <line num="1" count="1" type="stmt"/>
          <line num="3" count="1" type="cond" truecount="1" falsecount="0"/>
          <line num="4" count="3" type="cond" truecount="3" falsecount="0"/>
          <line num="6" count="1" type="stmt"/>
          <line num="8" count="1" type="stmt"/>
          <line num="10" count="1" type="stmt"/>
        </file>
        <file name="positions.js" path="C:\BusinessBusiness\tammy\src\reducers\positions.js">
          <metrics statements="5" coveredstatements="5" conditionals="3" coveredconditionals="3" methods="1" coveredmethods="1"/>
          <line num="1" count="1" type="stmt"/>
          <line num="3" count="1" type="cond" truecount="1" falsecount="0"/>
          <line num="4" count="2" type="cond" truecount="2" falsecount="0"/>
          <line num="6" count="1" type="stmt"/>
          <line num="8" count="1" type="stmt"/>
        </file>
        <file name="user.js" path="C:\BusinessBusiness\tammy\src\reducers\user.js">
          <metrics statements="7" coveredstatements="7" conditionals="5" coveredconditionals="5" methods="1" coveredmethods="1"/>
          <line num="1" count="1" type="stmt"/>
          <line num="3" count="1" type="cond" truecount="1" falsecount="0"/>
          <line num="4" count="4" type="cond" truecount="4" falsecount="0"/>
          <line num="6" count="1" type="stmt"/>
          <line num="8" count="1" type="stmt"/>
          <line num="10" count="1" type="stmt"/>
          <line num="15" count="1" type="stmt"/>
        </file>
      </package>
      <package name="src.reducers.filters">
        <metrics statements="6" coveredstatements="6" conditionals="4" coveredconditionals="4" methods="1" coveredmethods="1"/>
        <file name="positions.js" path="C:\BusinessBusiness\tammy\src\reducers\filters\positions.js">
          <metrics statements="6" coveredstatements="6" conditionals="4" coveredconditionals="4" methods="1" coveredmethods="1"/>
          <line num="2" count="1" type="stmt"/>
          <line num="6" count="1" type="cond" truecount="1" falsecount="0"/>
          <line num="7" count="3" type="cond" truecount="3" falsecount="0"/>
          <line num="9" count="1" type="stmt"/>
          <line num="14" count="1" type="stmt"/>
          <line num="19" count="1" type="stmt"/>
        </file>
      </package>
      <package name="src.routers">
        <metrics statements="36" coveredstatements="0" conditionals="4" coveredconditionals="0" methods="8" coveredmethods="0"/>
        <file name="AppRouter.js" path="C:\BusinessBusiness\tammy\src\routers\AppRouter.js">
          <metrics statements="16" coveredstatements="0" conditionals="0" coveredconditionals="0" methods="2" coveredmethods="0"/>
          <line num="1" count="0" type="stmt"/>
          <line num="2" count="0" type="stmt"/>
          <line num="3" count="0" type="stmt"/>
          <line num="4" count="0" type="stmt"/>
          <line num="6" count="0" type="stmt"/>
          <line num="7" count="0" type="stmt"/>
          <line num="9" count="0" type="stmt"/>
          <line num="10" count="0" type="stmt"/>
          <line num="11" count="0" type="stmt"/>
          <line num="12" count="0" type="stmt"/>
          <line num="13" count="0" type="stmt"/>
          <line num="14" count="0" type="stmt"/>
          <line num="16" count="0" type="stmt"/>
          <line num="18" count="0" type="stmt"/>
          <line num="35" count="0" type="stmt"/>
          <line num="41" count="0" type="stmt"/>
        </file>
        <file name="PrivateRoute.js" path="C:\BusinessBusiness\tammy\src\routers\PrivateRoute.js">
          <metrics statements="10" coveredstatements="0" conditionals="2" coveredconditionals="0" methods="3" coveredmethods="0"/>
          <line num="1" count="0" type="stmt"/>
          <line num="2" count="0" type="stmt"/>
          <line num="3" count="0" type="stmt"/>
          <line num="4" count="0" type="stmt"/>
          <line num="5" count="0" type="stmt"/>
          <line num="6" count="0" type="stmt"/>
          <line num="8" count="0" type="stmt"/>
          <line num="13" count="0" type="stmt"/>
          <line num="26" count="0" type="stmt"/>
          <line num="31" count="0" type="stmt"/>
        </file>
        <file name="PublicRoute.js" path="C:\BusinessBusiness\tammy\src\routers\PublicRoute.js">
          <metrics statements="10" coveredstatements="0" conditionals="2" coveredconditionals="0" methods="3" coveredmethods="0"/>
          <line num="1" count="0" type="stmt"/>
          <line num="2" count="0" type="stmt"/>
          <line num="3" count="0" type="stmt"/>
          <line num="4" count="0" type="stmt"/>
          <line num="5" count="0" type="stmt"/>
          <line num="6" count="0" type="stmt"/>
          <line num="8" count="0" type="stmt"/>
          <line num="13" count="0" type="stmt"/>
          <line num="26" count="0" type="stmt"/>
          <line num="31" count="0" type="stmt"/>
        </file>
      </package>
      <package name="src.selectors">
        <metrics statements="4" coveredstatements="4" conditionals="3" coveredconditionals="3" methods="2" coveredmethods="2"/>
        <file name="positions.js" path="C:\BusinessBusiness\tammy\src\selectors\positions.js">
          <metrics statements="4" coveredstatements="4" conditionals="3" coveredconditionals="3" methods="2" coveredmethods="2"/>
          <line num="2" count="7" type="cond" truecount="1" falsecount="0"/>
          <line num="4" count="12" type="stmt"/>
          <line num="5" count="12" type="stmt"/>
          <line num="6" count="12" type="cond" truecount="2" falsecount="0"/>
        </file>
      </package>
      <package name="src.store">
        <metrics statements="10" coveredstatements="0" conditionals="2" coveredconditionals="0" methods="0" coveredmethods="0"/>
        <file name="configureStore.js" path="C:\BusinessBusiness\tammy\src\store\configureStore.js">
          <metrics statements="10" coveredstatements="0" conditionals="2" coveredconditionals="0" methods="0" coveredmethods="0"/>
          <line num="1" count="0" type="stmt"/>
          <line num="2" count="0" type="stmt"/>
          <line num="3" count="0" type="stmt"/>
          <line num="4" count="0" type="stmt"/>
          <line num="5" count="0" type="stmt"/>
          <line num="6" count="0" type="stmt"/>
          <line num="7" count="0" type="stmt"/>
          <line num="9" count="0" type="cond" truecount="0" falsecount="2"/>
          <line num="12" count="0" type="stmt"/>
          <line num="25" count="0" type="stmt"/>
        </file>
      </package>
      <package name="src.tools">
        <metrics statements="25" coveredstatements="6" conditionals="4" coveredconditionals="0" methods="7" coveredmethods="1"/>
        <file name="analytics.js" path="C:\BusinessBusiness\tammy\src\tools\analytics.js">
          <metrics statements="15" coveredstatements="0" conditionals="4" coveredconditionals="0" methods="6" coveredmethods="0"/>
          <line num="1" count="0" type="stmt"/>
          <line num="2" count="0" type="stmt"/>
          <line num="4" count="0" type="stmt"/>
          <line num="10" count="0" type="stmt"/>
          <line num="11" count="0" type="stmt"/>
          <line num="14" count="0" type="cond" truecount="0" falsecount="4"/>
          <line num="15" count="0" type="stmt"/>
          <line num="18" count="0" type="stmt"/>
          <line num="19" count="0" type="stmt"/>
          <line num="24" count="0" type="stmt"/>
          <line num="25" count="0" type="stmt"/>
          <line num="28" count="0" type="stmt"/>
          <line num="29" count="0" type="stmt"/>
          <line num="34" count="0" type="stmt"/>
          <line num="35" count="0" type="stmt"/>
        </file>
        <file name="analytics_events.js" path="C:\BusinessBusiness\tammy\src\tools\analytics_events.js">
          <metrics statements="4" coveredstatements="0" conditionals="0" coveredconditionals="0" methods="0" coveredmethods="0"/>
          <line num="1" count="0" type="stmt"/>
          <line num="3" count="0" type="stmt"/>
          <line num="8" count="0" type="stmt"/>
          <line num="13" count="0" type="stmt"/>
        </file>
        <file name="constants.js" path="C:\BusinessBusiness\tammy\src\tools\constants.js">
          <metrics statements="4" coveredstatements="4" conditionals="0" coveredconditionals="0" methods="0" coveredmethods="0"/>
          <line num="1" count="6" type="stmt"/>
          <line num="6" count="6" type="stmt"/>
          <line num="13" count="6" type="stmt"/>
          <line num="18" count="6" type="stmt"/>
        </file>
        <file name="email.js" path="C:\BusinessBusiness\tammy\src\tools\email.js">
          <metrics statements="1" coveredstatements="1" conditionals="0" coveredconditionals="0" methods="1" coveredmethods="1"/>
          <line num="3" count="6" type="stmt"/>
        </file>
        <file name="history.js" path="C:\BusinessBusiness\tammy\src\tools\history.js">
          <metrics statements="1" coveredstatements="1" conditionals="0" coveredconditionals="0" methods="0" coveredmethods="0"/>
          <line num="3" count="3" type="stmt"/>
        </file>
      </package>
    </metrics>
  </project>
</coverage>
