{"C:\\BusinessBusiness\\tammy\\src\\app.js": {"path":"C:\\BusinessBusiness\\tammy\\src\\app.js","statementMap":{"0":{"start":{"line":1,"column":0},"end":{"line":null,"column":-1}},"1":{"start":{"line":2,"column":0},"end":{"line":null,"column":-1}},"2":{"start":{"line":3,"column":0},"end":{"line":null,"column":-1}},"3":{"start":{"line":4,"column":0},"end":{"line":null,"column":-1}},"4":{"start":{"line":5,"column":0},"end":{"line":null,"column":-1}},"5":{"start":{"line":6,"column":0},"end":{"line":null,"column":-1}},"6":{"start":{"line":8,"column":0},"end":{"line":null,"column":-1}},"7":{"start":{"line":9,"column":0},"end":{"line":null,"column":-1}},"8":{"start":{"line":10,"column":0},"end":{"line":null,"column":-1}},"9":{"start":{"line":11,"column":0},"end":{"line":null,"column":-1}},"10":{"start":{"line":12,"column":0},"end":{"line":null,"column":-1}},"11":{"start":{"line":13,"column":0},"end":{"line":null,"column":-1}},"12":{"start":{"line":15,"column":14},"end":{"line":15,"column":0}},"13":{"start":{"line":18,"column":4},"end":{"line":17,"column":0}},"14":{"start":{"line":23,"column":18},"end":{"line":23,"column":0}},"15":{"start":{"line":24,"column":18},"end":{"line":24,"column":0}},"16":{"start":{"line":25,"column":4},"end":{"line":28,"column":5}},"17":{"start":{"line":26,"column":8},"end":{"line":null,"column":-1}},"18":{"start":{"line":27,"column":8},"end":{"line":null,"column":-1}},"19":{"start":{"line":31,"column":0},"end":{"line":null,"column":-1}},"20":{"start":{"line":33,"column":0},"end":{"line":null,"column":-1}},"21":{"start":{"line":34,"column":4},"end":{"line":null,"column":-1}},"22":{"start":{"line":35,"column":8},"end":{"line":43,"column":9}},"23":{"start":{"line":36,"column":12},"end":{"line":null,"column":-1}},"24":{"start":{"line":37,"column":12},"end":{"line":null,"column":-1}},"25":{"start":{"line":38,"column":16},"end":{"line":null,"column":-1}},"26":{"start":{"line":41,"column":12},"end":{"line":null,"column":-1}},"27":{"start":{"line":42,"column":12},"end":{"line":null,"column":-1}}},"fnMap":{"0":{"name":"renderApp","decl":{"start":{"line":24,"column":6},"end":{"line":24,"column":18}},"loc":{"start":{"line":24,"column":24},"end":{"line":24,"column":0}}},"1":{"name":"(anonymous_2)","decl":{"start":{"line":33,"column":35},"end":{"line":33,"column":35}},"loc":{"start":{"line":33,"column":45},"end":{"line":33,"column":0}}},"2":{"name":"(anonymous_3)","decl":{"start":{"line":34,"column":45},"end":{"line":34,"column":50}},"loc":{"start":{"line":34,"column":51},"end":{"line":34,"column":4}}},"3":{"name":"(anonymous_4)","decl":{"start":{"line":37,"column":48},"end":{"line":37,"column":53}},"loc":{"start":{"line":37,"column":54},"end":{"line":37,"column":12}}}},"branchMap":{"0":{"loc":{"start":{"line":25,"column":4},"end":{"line":28,"column":5}},"type":"if","locations":[{"start":{"line":25,"column":4},"end":{"line":28,"column":5}},{"start":{"line":25,"column":4},"end":{"line":28,"column":5}}]},"1":{"loc":{"start":{"line":35,"column":8},"end":{"line":43,"column":9}},"type":"if","locations":[{"start":{"line":35,"column":8},"end":{"line":43,"column":9}},{"start":{"line":35,"column":8},"end":{"line":43,"column":9}}]}},"s":{"0":0,"1":0,"2":0,"3":0,"4":0,"5":0,"6":0,"7":0,"8":0,"9":0,"10":0,"11":0,"12":0,"13":0,"14":0,"15":0,"16":0,"17":0,"18":0,"19":0,"20":0,"21":0,"22":0,"23":0,"24":0,"25":0,"26":0,"27":0},"f":{"0":0,"1":0,"2":0,"3":0},"b":{"0":[0,0],"1":[0,0]}}
,"C:\\BusinessBusiness\\tammy\\src\\config.js": {"path":"C:\\BusinessBusiness\\tammy\\src\\config.js","statementMap":{"0":{"start":{"line":1,"column":13},"end":{"line":1,"column":7}}},"fnMap":{},"branchMap":{},"s":{"0":0},"f":{},"b":{}}
,"C:\\BusinessBusiness\\tammy\\src\\actions\\auth.js": {"path":"C:\\BusinessBusiness\\tammy\\src\\actions\\auth.js","statementMap":{"0":{"start":{"line":4,"column":26},"end":{"line":9,"column":1}},"1":{"start":{"line":4,"column":58},"end":{"line":9,"column":1}},"2":{"start":{"line":5,"column":4},"end":{"line":8,"column":10}},"3":{"start":{"line":7,"column":12},"end":{"line":7,"column":38}},"4":{"start":{"line":11,"column":27},"end":{"line":12,"column":44}},"5":{"start":{"line":11,"column":33},"end":{"line":12,"column":44}},"6":{"start":{"line":11,"column":39},"end":{"line":12,"column":44}},"7":{"start":{"line":12,"column":16},"end":{"line":12,"column":43}}},"fnMap":{"0":{"name":"(anonymous_0)","decl":{"start":{"line":4,"column":26},"end":{"line":4,"column":27}},"loc":{"start":{"line":4,"column":58},"end":{"line":9,"column":1}},"line":4},"1":{"name":"(anonymous_1)","decl":{"start":{"line":4,"column":58},"end":{"line":4,"column":59}},"loc":{"start":{"line":4,"column":64},"end":{"line":9,"column":1}},"line":4},"2":{"name":"(anonymous_2)","decl":{"start":{"line":6,"column":14},"end":{"line":6,"column":15}},"loc":{"start":{"line":6,"column":20},"end":{"line":8,"column":9}},"line":6},"3":{"name":"(anonymous_3)","decl":{"start":{"line":11,"column":27},"end":{"line":11,"column":28}},"loc":{"start":{"line":11,"column":33},"end":{"line":12,"column":44}},"line":11},"4":{"name":"(anonymous_4)","decl":{"start":{"line":11,"column":33},"end":{"line":11,"column":34}},"loc":{"start":{"line":11,"column":39},"end":{"line":12,"column":44}},"line":11},"5":{"name":"(anonymous_5)","decl":{"start":{"line":12,"column":10},"end":{"line":12,"column":11}},"loc":{"start":{"line":12,"column":16},"end":{"line":12,"column":43}},"line":12}},"branchMap":{"0":{"loc":{"start":{"line":4,"column":27},"end":{"line":4,"column":53}},"type":"default-arg","locations":[{"start":{"line":4,"column":41},"end":{"line":4,"column":53}}],"line":4}},"s":{"0":3,"1":3,"2":3,"3":3,"4":3,"5":2,"6":2,"7":2},"f":{"0":3,"1":3,"2":3,"3":2,"4":2,"5":2},"b":{"0":[2]},"_coverageSchema":"332fd63041d2c1bcb487cc26dd0d5f7d97098a6c","hash":"a44747460e475f58399e33b9ed2ab94dcffe9979"}
,"C:\\BusinessBusiness\\tammy\\src\\actions\\position.js": {"path":"C:\\BusinessBusiness\\tammy\\src\\actions\\position.js","statementMap":{"0":{"start":{"line":3,"column":32},"end":{"line":7,"column":1}},"1":{"start":{"line":3,"column":48},"end":{"line":7,"column":1}},"2":{"start":{"line":4,"column":26},"end":{"line":4,"column":36}},"3":{"start":{"line":5,"column":26},"end":{"line":5,"column":89}},"4":{"start":{"line":5,"column":55},"end":{"line":5,"column":88}},"5":{"start":{"line":6,"column":4},"end":{"line":6,"column":48}},"6":{"start":{"line":9,"column":34},"end":{"line":9,"column":79}},"7":{"start":{"line":9,"column":40},"end":{"line":9,"column":79}},"8":{"start":{"line":9,"column":54},"end":{"line":9,"column":79}}},"fnMap":{"0":{"name":"(anonymous_0)","decl":{"start":{"line":3,"column":32},"end":{"line":3,"column":33}},"loc":{"start":{"line":3,"column":48},"end":{"line":7,"column":1}},"line":3},"1":{"name":"(anonymous_1)","decl":{"start":{"line":3,"column":48},"end":{"line":3,"column":49}},"loc":{"start":{"line":3,"column":72},"end":{"line":7,"column":1}},"line":3},"2":{"name":"(anonymous_2)","decl":{"start":{"line":5,"column":41},"end":{"line":5,"column":42}},"loc":{"start":{"line":5,"column":55},"end":{"line":5,"column":88}},"line":5},"3":{"name":"(anonymous_3)","decl":{"start":{"line":9,"column":34},"end":{"line":9,"column":35}},"loc":{"start":{"line":9,"column":40},"end":{"line":9,"column":79}},"line":9},"4":{"name":"(anonymous_4)","decl":{"start":{"line":9,"column":40},"end":{"line":9,"column":41}},"loc":{"start":{"line":9,"column":54},"end":{"line":9,"column":79}},"line":9}},"branchMap":{},"s":{"0":5,"1":1,"2":1,"3":1,"4":1,"5":1,"6":5,"7":1,"8":1},"f":{"0":1,"1":1,"2":1,"3":1,"4":1},"b":{},"_coverageSchema":"332fd63041d2c1bcb487cc26dd0d5f7d97098a6c","hash":"e1fea1159db0d183843a4f116ca13cc5eff2fa47"}
,"C:\\BusinessBusiness\\tammy\\src\\actions\\positions.js": {"path":"C:\\BusinessBusiness\\tammy\\src\\actions\\positions.js","statementMap":{"0":{"start":{"line":4,"column":33},"end":{"line":15,"column":6}},"1":{"start":{"line":4,"column":39},"end":{"line":15,"column":6}},"2":{"start":{"line":5,"column":4},"end":{"line":15,"column":6}},"3":{"start":{"line":6,"column":26},"end":{"line":6,"column":28}},"4":{"start":{"line":7,"column":8},"end":{"line":12,"column":11}},"5":{"start":{"line":8,"column":12},"end":{"line":11,"column":15}},"6":{"start":{"line":14,"column":8},"end":{"line":14,"column":42}}},"fnMap":{"0":{"name":"(anonymous_0)","decl":{"start":{"line":4,"column":33},"end":{"line":4,"column":34}},"loc":{"start":{"line":4,"column":39},"end":{"line":15,"column":6}},"line":4},"1":{"name":"(anonymous_1)","decl":{"start":{"line":4,"column":39},"end":{"line":4,"column":40}},"loc":{"start":{"line":5,"column":4},"end":{"line":15,"column":6}},"line":5},"2":{"name":"(anonymous_2)","decl":{"start":{"line":5,"column":49},"end":{"line":5,"column":50}},"loc":{"start":{"line":5,"column":63},"end":{"line":15,"column":5}},"line":5},"3":{"name":"(anonymous_3)","decl":{"start":{"line":7,"column":25},"end":{"line":7,"column":26}},"loc":{"start":{"line":7,"column":44},"end":{"line":12,"column":9}},"line":7}},"branchMap":{},"s":{"0":1,"1":1,"2":1,"3":1,"4":1,"5":2,"6":1},"f":{"0":1,"1":1,"2":1,"3":2},"b":{},"_coverageSchema":"332fd63041d2c1bcb487cc26dd0d5f7d97098a6c","hash":"1a887051e073a2f47225d0b38db09fdeec6c6113"}
,"C:\\BusinessBusiness\\tammy\\src\\actions\\user.js": {"path":"C:\\BusinessBusiness\\tammy\\src\\actions\\user.js","statementMap":{"0":{"start":{"line":4,"column":28},"end":{"line":14,"column":1}},"1":{"start":{"line":4,"column":34},"end":{"line":14,"column":1}},"2":{"start":{"line":5,"column":28},"end":{"line":5,"column":43}},"3":{"start":{"line":7,"column":4},"end":{"line":13,"column":6}},"4":{"start":{"line":8,"column":8},"end":{"line":12,"column":16}},"5":{"start":{"line":16,"column":29},"end":{"line":22,"column":1}},"6":{"start":{"line":16,"column":42},"end":{"line":22,"column":1}},"7":{"start":{"line":17,"column":28},"end":{"line":17,"column":43}},"8":{"start":{"line":19,"column":4},"end":{"line":21,"column":7}},"9":{"start":{"line":20,"column":8},"end":{"line":20,"column":44}},"10":{"start":{"line":24,"column":30},"end":{"line":24,"column":71}},"11":{"start":{"line":24,"column":36},"end":{"line":24,"column":71}},"12":{"start":{"line":24,"column":50},"end":{"line":24,"column":71}}},"fnMap":{"0":{"name":"(anonymous_0)","decl":{"start":{"line":4,"column":28},"end":{"line":4,"column":29}},"loc":{"start":{"line":4,"column":34},"end":{"line":14,"column":1}},"line":4},"1":{"name":"(anonymous_1)","decl":{"start":{"line":4,"column":34},"end":{"line":4,"column":35}},"loc":{"start":{"line":4,"column":58},"end":{"line":14,"column":1}},"line":4},"2":{"name":"(anonymous_2)","decl":{"start":{"line":7,"column":62},"end":{"line":7,"column":63}},"loc":{"start":{"line":7,"column":76},"end":{"line":13,"column":5}},"line":7},"3":{"name":"(anonymous_3)","decl":{"start":{"line":16,"column":29},"end":{"line":16,"column":30}},"loc":{"start":{"line":16,"column":42},"end":{"line":22,"column":1}},"line":16},"4":{"name":"(anonymous_4)","decl":{"start":{"line":16,"column":42},"end":{"line":16,"column":43}},"loc":{"start":{"line":16,"column":66},"end":{"line":22,"column":1}},"line":16},"5":{"name":"(anonymous_5)","decl":{"start":{"line":19,"column":64},"end":{"line":19,"column":65}},"loc":{"start":{"line":19,"column":70},"end":{"line":21,"column":5}},"line":19},"6":{"name":"(anonymous_6)","decl":{"start":{"line":24,"column":30},"end":{"line":24,"column":31}},"loc":{"start":{"line":24,"column":36},"end":{"line":24,"column":71}},"line":24},"7":{"name":"(anonymous_7)","decl":{"start":{"line":24,"column":36},"end":{"line":24,"column":37}},"loc":{"start":{"line":24,"column":50},"end":{"line":24,"column":71}},"line":24}},"branchMap":{},"s":{"0":4,"1":1,"2":1,"3":1,"4":1,"5":4,"6":1,"7":1,"8":1,"9":1,"10":4,"11":1,"12":1},"f":{"0":1,"1":1,"2":1,"3":1,"4":1,"5":1,"6":1,"7":1},"b":{},"_coverageSchema":"332fd63041d2c1bcb487cc26dd0d5f7d97098a6c","hash":"289f5fbbbee6c73254fa1414b41dd742b5e6519e"}
,"C:\\BusinessBusiness\\tammy\\src\\actions\\filters\\positionsText.js": {"path":"C:\\BusinessBusiness\\tammy\\src\\actions\\filters\\positionsText.js","statementMap":{"0":{"start":{"line":1,"column":38},"end":{"line":4,"column":2}},"1":{"start":{"line":1,"column":54},"end":{"line":4,"column":1}},"2":{"start":{"line":6,"column":40},"end":{"line":8,"column":2}},"3":{"start":{"line":6,"column":47},"end":{"line":8,"column":1}}},"fnMap":{"0":{"name":"(anonymous_0)","decl":{"start":{"line":1,"column":38},"end":{"line":1,"column":39}},"loc":{"start":{"line":1,"column":54},"end":{"line":4,"column":1}},"line":1},"1":{"name":"(anonymous_1)","decl":{"start":{"line":6,"column":40},"end":{"line":6,"column":41}},"loc":{"start":{"line":6,"column":47},"end":{"line":8,"column":1}},"line":6}},"branchMap":{"0":{"loc":{"start":{"line":1,"column":39},"end":{"line":1,"column":48}},"type":"default-arg","locations":[{"start":{"line":1,"column":46},"end":{"line":1,"column":48}}],"line":1}},"s":{"0":4,"1":1,"2":4,"3":1},"f":{"0":1,"1":1},"b":{"0":[0]},"_coverageSchema":"332fd63041d2c1bcb487cc26dd0d5f7d97098a6c","hash":"5180a215e85b69a8e9c63a41860a79e5547d10d9"}
,"C:\\BusinessBusiness\\tammy\\src\\actions\\helpers\\auth.js": {"path":"C:\\BusinessBusiness\\tammy\\src\\actions\\helpers\\auth.js","statementMap":{"0":{"start":{"line":1,"column":21},"end":{"line":4,"column":2}},"1":{"start":{"line":1,"column":31},"end":{"line":4,"column":1}},"2":{"start":{"line":6,"column":22},"end":{"line":8,"column":2}},"3":{"start":{"line":6,"column":29},"end":{"line":8,"column":1}}},"fnMap":{"0":{"name":"(anonymous_0)","decl":{"start":{"line":1,"column":21},"end":{"line":1,"column":22}},"loc":{"start":{"line":1,"column":31},"end":{"line":4,"column":1}},"line":1},"1":{"name":"(anonymous_1)","decl":{"start":{"line":6,"column":22},"end":{"line":6,"column":23}},"loc":{"start":{"line":6,"column":29},"end":{"line":8,"column":1}},"line":6}},"branchMap":{},"s":{"0":1,"1":1,"2":1,"3":1},"f":{"0":1,"1":1},"b":{},"_coverageSchema":"332fd63041d2c1bcb487cc26dd0d5f7d97098a6c","hash":"32307b604a87bdbee06327b880fc8d9d25aaf989"}
,"C:\\BusinessBusiness\\tammy\\src\\actions\\helpers\\position.js": {"path":"C:\\BusinessBusiness\\tammy\\src\\actions\\helpers\\position.js","statementMap":{"0":{"start":{"line":1,"column":27},"end":{"line":4,"column":2}},"1":{"start":{"line":1,"column":42},"end":{"line":4,"column":1}},"2":{"start":{"line":6,"column":29},"end":{"line":8,"column":2}},"3":{"start":{"line":6,"column":36},"end":{"line":8,"column":1}}},"fnMap":{"0":{"name":"(anonymous_0)","decl":{"start":{"line":1,"column":27},"end":{"line":1,"column":28}},"loc":{"start":{"line":1,"column":42},"end":{"line":4,"column":1}},"line":1},"1":{"name":"(anonymous_1)","decl":{"start":{"line":6,"column":29},"end":{"line":6,"column":30}},"loc":{"start":{"line":6,"column":36},"end":{"line":8,"column":1}},"line":6}},"branchMap":{},"s":{"0":6,"1":2,"2":6,"3":2},"f":{"0":2,"1":2},"b":{},"_coverageSchema":"332fd63041d2c1bcb487cc26dd0d5f7d97098a6c","hash":"bf4d7a9111410d4cced1d3d7fc4f9448365a9831"}
,"C:\\BusinessBusiness\\tammy\\src\\actions\\helpers\\positions.js": {"path":"C:\\BusinessBusiness\\tammy\\src\\actions\\helpers\\positions.js","statementMap":{"0":{"start":{"line":1,"column":28},"end":{"line":4,"column":2}},"1":{"start":{"line":1,"column":44},"end":{"line":4,"column":1}}},"fnMap":{"0":{"name":"(anonymous_0)","decl":{"start":{"line":1,"column":28},"end":{"line":1,"column":29}},"loc":{"start":{"line":1,"column":44},"end":{"line":4,"column":1}},"line":1}},"branchMap":{},"s":{"0":2,"1":2},"f":{"0":2},"b":{},"_coverageSchema":"332fd63041d2c1bcb487cc26dd0d5f7d97098a6c","hash":"fa08a6883ebff55a2d57df52e15e8090c679bceb"}
,"C:\\BusinessBusiness\\tammy\\src\\actions\\helpers\\user.js": {"path":"C:\\BusinessBusiness\\tammy\\src\\actions\\helpers\\user.js","statementMap":{"0":{"start":{"line":1,"column":23},"end":{"line":4,"column":2}},"1":{"start":{"line":1,"column":34},"end":{"line":4,"column":1}},"2":{"start":{"line":6,"column":24},"end":{"line":10,"column":2}},"3":{"start":{"line":6,"column":46},"end":{"line":10,"column":1}},"4":{"start":{"line":12,"column":25},"end":{"line":14,"column":2}},"5":{"start":{"line":12,"column":32},"end":{"line":14,"column":1}}},"fnMap":{"0":{"name":"(anonymous_0)","decl":{"start":{"line":1,"column":23},"end":{"line":1,"column":24}},"loc":{"start":{"line":1,"column":34},"end":{"line":4,"column":1}},"line":1},"1":{"name":"(anonymous_1)","decl":{"start":{"line":6,"column":24},"end":{"line":6,"column":25}},"loc":{"start":{"line":6,"column":46},"end":{"line":10,"column":1}},"line":6},"2":{"name":"(anonymous_2)","decl":{"start":{"line":12,"column":25},"end":{"line":12,"column":26}},"loc":{"start":{"line":12,"column":32},"end":{"line":14,"column":1}},"line":12}},"branchMap":{},"s":{"0":5,"1":2,"2":5,"3":2,"4":5,"5":2},"f":{"0":2,"1":2,"2":2},"b":{},"_coverageSchema":"332fd63041d2c1bcb487cc26dd0d5f7d97098a6c","hash":"3ab537779903aeb4be005e82ff2a2a258c983b9e"}
,"C:\\BusinessBusiness\\tammy\\src\\components\\__templates__\\__templateClass.js": {"path":"C:\\BusinessBusiness\\tammy\\src\\components\\__templates__\\__templateClass.js","statementMap":{"0":{"start":{"line":1,"column":0},"end":{"line":null,"column":-1}},"1":{"start":{"line":2,"column":0},"end":{"line":null,"column":-1}},"2":{"start":{"line":5,"column":23},"end":{"line":null,"column":-1}},"3":{"start":{"line":10,"column":8},"end":{"line":null,"column":-1}},"4":{"start":{"line":14,"column":8},"end":{"line":null,"column":-1}}},"fnMap":{"0":{"name":"TemplatePage","decl":{"start":{"line":5,"column":4},"end":{"line":5,"column":15}},"loc":{"start":{"line":5,"column":23},"end":{"line":7,"column":5}}}},"branchMap":{"0":{"loc":{"start":{"line":5,"column":23},"end":{"line":6,"column":13}},"type":"binary-expr","locations":[{"start":{"line":5,"column":23},"end":{"line":6,"column":13}},{"start":{"line":5,"column":23},"end":{"line":6,"column":13}}]}},"s":{"0":0,"1":0,"2":0,"3":0,"4":0},"f":{"0":0},"b":{"0":[0,0]}}
,"C:\\BusinessBusiness\\tammy\\src\\components\\__templates__\\__templateSection.js": {"path":"C:\\BusinessBusiness\\tammy\\src\\components\\__templates__\\__templateSection.js","statementMap":{"0":{"start":{"line":1,"column":0},"end":{"line":null,"column":-1}},"1":{"start":{"line":3,"column":24},"end":{"line":3,"column":0}},"2":{"start":{"line":3,"column":24},"end":{"line":null,"column":-1}}},"fnMap":{"0":{"name":"TemplateSection","decl":{"start":{"line":3,"column":6},"end":{"line":3,"column":24}},"loc":{"start":{"line":3,"column":24},"end":{"line":3,"column":0}}}},"branchMap":{},"s":{"0":0,"1":0,"2":0},"f":{"0":0},"b":{}}
,"C:\\BusinessBusiness\\tammy\\src\\components\\core\\DashboardPage.js": {"path":"C:\\BusinessBusiness\\tammy\\src\\components\\core\\DashboardPage.js","statementMap":{"0":{"start":{"line":3,"column":22},"end":{"line":7,"column":1}},"1":{"start":{"line":4,"column":4},"end":{"line":6,"column":10}}},"fnMap":{"0":{"name":"(anonymous_0)","decl":{"start":{"line":3,"column":22},"end":{"line":3,"column":23}},"loc":{"start":{"line":4,"column":4},"end":{"line":6,"column":10}},"line":4}},"branchMap":{},"s":{"0":1,"1":1},"f":{"0":1},"b":{},"_coverageSchema":"332fd63041d2c1bcb487cc26dd0d5f7d97098a6c","hash":"309e7e8f708844076833ba8b98a9cd35e943ad49"}
,"C:\\BusinessBusiness\\tammy\\src\\components\\core\\Footer.js": {"path":"C:\\BusinessBusiness\\tammy\\src\\components\\core\\Footer.js","statementMap":{"0":{"start":{"line":3,"column":15},"end":{"line":5,"column":1}},"1":{"start":{"line":4,"column":4},"end":{"line":4,"column":14}}},"fnMap":{"0":{"name":"(anonymous_0)","decl":{"start":{"line":3,"column":15},"end":{"line":3,"column":16}},"loc":{"start":{"line":4,"column":4},"end":{"line":4,"column":14}},"line":4}},"branchMap":{},"s":{"0":1,"1":1},"f":{"0":1},"b":{},"_coverageSchema":"332fd63041d2c1bcb487cc26dd0d5f7d97098a6c","hash":"547dfb952f9635e1c278427adb6501cb5fbb6285"}
,"C:\\BusinessBusiness\\tammy\\src\\components\\core\\LoadingPage.js": {"path":"C:\\BusinessBusiness\\tammy\\src\\components\\core\\LoadingPage.js","statementMap":{"0":{"start":{"line":3,"column":20},"end":{"line":7,"column":1}},"1":{"start":{"line":4,"column":4},"end":{"line":6,"column":10}}},"fnMap":{"0":{"name":"(anonymous_0)","decl":{"start":{"line":3,"column":20},"end":{"line":3,"column":21}},"loc":{"start":{"line":4,"column":4},"end":{"line":6,"column":10}},"line":4}},"branchMap":{},"s":{"0":5,"1":1},"f":{"0":1},"b":{},"_coverageSchema":"332fd63041d2c1bcb487cc26dd0d5f7d97098a6c","hash":"f275637e549f6a1845bc7ad683b06ef6b366319f"}
,"C:\\BusinessBusiness\\tammy\\src\\components\\core\\LoggedOutPage.js": {"path":"C:\\BusinessBusiness\\tammy\\src\\components\\core\\LoggedOutPage.js","statementMap":{"0":{"start":{"line":4,"column":22},"end":{"line":14,"column":1}},"1":{"start":{"line":5,"column":4},"end":{"line":13,"column":10}}},"fnMap":{"0":{"name":"(anonymous_0)","decl":{"start":{"line":4,"column":22},"end":{"line":4,"column":23}},"loc":{"start":{"line":5,"column":4},"end":{"line":13,"column":10}},"line":5}},"branchMap":{},"s":{"0":1,"1":1},"f":{"0":1},"b":{},"_coverageSchema":"332fd63041d2c1bcb487cc26dd0d5f7d97098a6c","hash":"51db610747d5d791e18c826321e90b46d585d383"}
,"C:\\BusinessBusiness\\tammy\\src\\components\\core\\LoginPage.js": {"path":"C:\\BusinessBusiness\\tammy\\src\\components\\core\\LoginPage.js","statementMap":{"0":{"start":{"line":6,"column":25},"end":{"line":17,"column":1}},"1":{"start":{"line":7,"column":4},"end":{"line":16,"column":10}},"2":{"start":{"line":19,"column":0},"end":{"line":21,"column":2}},"3":{"start":{"line":23,"column":27},"end":{"line":25,"column":2}},"4":{"start":{"line":23,"column":40},"end":{"line":25,"column":1}},"5":{"start":{"line":24,"column":22},"end":{"line":24,"column":44}}},"fnMap":{"0":{"name":"(anonymous_0)","decl":{"start":{"line":6,"column":25},"end":{"line":6,"column":26}},"loc":{"start":{"line":7,"column":4},"end":{"line":16,"column":10}},"line":7},"1":{"name":"(anonymous_1)","decl":{"start":{"line":23,"column":27},"end":{"line":23,"column":28}},"loc":{"start":{"line":23,"column":40},"end":{"line":25,"column":1}},"line":23},"2":{"name":"(anonymous_2)","decl":{"start":{"line":24,"column":16},"end":{"line":24,"column":17}},"loc":{"start":{"line":24,"column":22},"end":{"line":24,"column":44}},"line":24}},"branchMap":{},"s":{"0":1,"1":2,"2":1,"3":1,"4":0,"5":0},"f":{"0":2,"1":0,"2":0},"b":{},"_coverageSchema":"332fd63041d2c1bcb487cc26dd0d5f7d97098a6c","hash":"d2b85cea75fa184bf2e3879d756925d2dda29793"}
,"C:\\BusinessBusiness\\tammy\\src\\components\\core\\Navbar.js": {"path":"C:\\BusinessBusiness\\tammy\\src\\components\\core\\Navbar.js","statementMap":{"0":{"start":{"line":10,"column":26},"end":{"line":10,"column":37}},"1":{"start":{"line":11,"column":33},"end":{"line":11,"column":53}},"2":{"start":{"line":12,"column":20},"end":{"line":12,"column":35}},"3":{"start":{"line":16,"column":8},"end":{"line":16,"column":21}},"4":{"start":{"line":17,"column":8},"end":{"line":19,"column":9}},"5":{"start":{"line":23,"column":8},"end":{"line":23,"column":55}},"6":{"start":{"line":24,"column":8},"end":{"line":24,"column":85}},"7":{"start":{"line":25,"column":8},"end":{"line":27,"column":12}},"8":{"start":{"line":25,"column":29},"end":{"line":27,"column":9}},"9":{"start":{"line":31,"column":8},"end":{"line":31,"column":58}},"10":{"start":{"line":32,"column":8},"end":{"line":32,"column":88}},"11":{"start":{"line":33,"column":8},"end":{"line":35,"column":12}},"12":{"start":{"line":33,"column":29},"end":{"line":35,"column":9}},"13":{"start":{"line":39,"column":8},"end":{"line":39,"column":35}},"14":{"start":{"line":40,"column":8},"end":{"line":40,"column":32}},"15":{"start":{"line":41,"column":8},"end":{"line":41,"column":36}},"16":{"start":{"line":45,"column":8},"end":{"line":82,"column":9}},"17":{"start":{"line":86,"column":0},"end":{"line":90,"column":2}},"18":{"start":{"line":92,"column":27},"end":{"line":95,"column":2}},"19":{"start":{"line":92,"column":40},"end":{"line":95,"column":1}},"20":{"start":{"line":93,"column":26},"end":{"line":93,"column":52}},"21":{"start":{"line":94,"column":23},"end":{"line":94,"column":46}}},"fnMap":{"0":{"name":"(anonymous_0)","decl":{"start":{"line":15,"column":4},"end":{"line":15,"column":5}},"loc":{"start":{"line":15,"column":23},"end":{"line":20,"column":5}},"line":15},"1":{"name":"(anonymous_1)","decl":{"start":{"line":22,"column":25},"end":{"line":22,"column":26}},"loc":{"start":{"line":22,"column":31},"end":{"line":28,"column":5}},"line":22},"2":{"name":"(anonymous_2)","decl":{"start":{"line":25,"column":22},"end":{"line":25,"column":23}},"loc":{"start":{"line":25,"column":29},"end":{"line":27,"column":9}},"line":25},"3":{"name":"(anonymous_3)","decl":{"start":{"line":30,"column":26},"end":{"line":30,"column":27}},"loc":{"start":{"line":30,"column":32},"end":{"line":36,"column":5}},"line":30},"4":{"name":"(anonymous_4)","decl":{"start":{"line":33,"column":22},"end":{"line":33,"column":23}},"loc":{"start":{"line":33,"column":29},"end":{"line":35,"column":9}},"line":33},"5":{"name":"(anonymous_5)","decl":{"start":{"line":38,"column":19},"end":{"line":38,"column":20}},"loc":{"start":{"line":38,"column":25},"end":{"line":42,"column":5}},"line":38},"6":{"name":"(anonymous_6)","decl":{"start":{"line":44,"column":4},"end":{"line":44,"column":5}},"loc":{"start":{"line":44,"column":13},"end":{"line":83,"column":5}},"line":44},"7":{"name":"(anonymous_7)","decl":{"start":{"line":92,"column":27},"end":{"line":92,"column":28}},"loc":{"start":{"line":92,"column":40},"end":{"line":95,"column":1}},"line":92},"8":{"name":"(anonymous_8)","decl":{"start":{"line":93,"column":20},"end":{"line":93,"column":21}},"loc":{"start":{"line":93,"column":26},"end":{"line":93,"column":52}},"line":93},"9":{"name":"(anonymous_9)","decl":{"start":{"line":94,"column":17},"end":{"line":94,"column":18}},"loc":{"start":{"line":94,"column":23},"end":{"line":94,"column":46}},"line":94}},"branchMap":{"0":{"loc":{"start":{"line":49,"column":24},"end":{"line":55,"column":26}},"type":"binary-expr","locations":[{"start":{"line":49,"column":24},"end":{"line":49,"column":45}},{"start":{"line":50,"column":24},"end":{"line":55,"column":26}}],"line":49},"1":{"loc":{"start":{"line":58,"column":24},"end":{"line":64,"column":26}},"type":"binary-expr","locations":[{"start":{"line":58,"column":24},"end":{"line":58,"column":44}},{"start":{"line":59,"column":24},"end":{"line":64,"column":26}}],"line":58},"2":{"loc":{"start":{"line":67,"column":17},"end":{"line":73,"column":26}},"type":"binary-expr","locations":[{"start":{"line":67,"column":17},"end":{"line":67,"column":43}},{"start":{"line":68,"column":20},"end":{"line":73,"column":26}}],"line":67},"3":{"loc":{"start":{"line":75,"column":17},"end":{"line":79,"column":26}},"type":"binary-expr","locations":[{"start":{"line":75,"column":17},"end":{"line":75,"column":44}},{"start":{"line":76,"column":20},"end":{"line":79,"column":26}}],"line":75}},"s":{"0":1,"1":1,"2":1,"3":16,"4":16,"5":3,"6":3,"7":3,"8":3,"9":3,"10":3,"11":3,"12":3,"13":3,"14":3,"15":3,"16":25,"17":1,"18":1,"19":0,"20":0,"21":0},"f":{"0":16,"1":3,"2":3,"3":3,"4":3,"5":3,"6":25,"7":0,"8":0,"9":0},"b":{"0":[25,19],"1":[25,6],"2":[25,24],"3":[25,1]},"_coverageSchema":"332fd63041d2c1bcb487cc26dd0d5f7d97098a6c","hash":"99d544c9cb1bb83650d88b14e8f60acf4a7224e3"}
,"C:\\BusinessBusiness\\tammy\\src\\components\\core\\NotFoundPage.js": {"path":"C:\\BusinessBusiness\\tammy\\src\\components\\core\\NotFoundPage.js","statementMap":{"0":{"start":{"line":3,"column":21},"end":{"line":7,"column":1}},"1":{"start":{"line":4,"column":4},"end":{"line":6,"column":10}}},"fnMap":{"0":{"name":"(anonymous_0)","decl":{"start":{"line":3,"column":21},"end":{"line":3,"column":22}},"loc":{"start":{"line":4,"column":4},"end":{"line":6,"column":10}},"line":4}},"branchMap":{},"s":{"0":1,"1":1},"f":{"0":1},"b":{},"_coverageSchema":"332fd63041d2c1bcb487cc26dd0d5f7d97098a6c","hash":"9805246c763cdaf691d152320d710182dc181365"}
,"C:\\BusinessBusiness\\tammy\\src\\components\\position\\PositionContainer.js": {"path":"C:\\BusinessBusiness\\tammy\\src\\components\\position\\PositionContainer.js","statementMap":{"0":{"start":{"line":12,"column":8},"end":{"line":12,"column":21}},"1":{"start":{"line":16,"column":39},"end":{"line":16,"column":49}},"2":{"start":{"line":17,"column":34},"end":{"line":17,"column":69}},"3":{"start":{"line":19,"column":8},"end":{"line":34,"column":10}},"4":{"start":{"line":38,"column":24},"end":{"line":41,"column":2}},"5":{"start":{"line":38,"column":36},"end":{"line":41,"column":1}},"6":{"start":{"line":46,"column":0},"end":{"line":49,"column":2}}},"fnMap":{"0":{"name":"(anonymous_0)","decl":{"start":{"line":11,"column":4},"end":{"line":11,"column":5}},"loc":{"start":{"line":11,"column":23},"end":{"line":13,"column":5}},"line":11},"1":{"name":"(anonymous_1)","decl":{"start":{"line":15,"column":4},"end":{"line":15,"column":5}},"loc":{"start":{"line":15,"column":13},"end":{"line":35,"column":5}},"line":15},"2":{"name":"(anonymous_2)","decl":{"start":{"line":38,"column":24},"end":{"line":38,"column":25}},"loc":{"start":{"line":38,"column":36},"end":{"line":41,"column":1}},"line":38}},"branchMap":{"0":{"loc":{"start":{"line":21,"column":17},"end":{"line":21,"column":54}},"type":"binary-expr","locations":[{"start":{"line":21,"column":17},"end":{"line":21,"column":35}},{"start":{"line":21,"column":39},"end":{"line":21,"column":54}}],"line":21},"1":{"loc":{"start":{"line":22,"column":17},"end":{"line":31,"column":26}},"type":"binary-expr","locations":[{"start":{"line":22,"column":17},"end":{"line":22,"column":34}},{"start":{"line":23,"column":20},"end":{"line":31,"column":26}}],"line":22}},"s":{"0":3,"1":3,"2":3,"3":3,"4":2,"5":0,"6":2},"f":{"0":3,"1":3,"2":0},"b":{"0":[3,0],"1":[3,3]},"_coverageSchema":"332fd63041d2c1bcb487cc26dd0d5f7d97098a6c","hash":"83c3671e5f4e48af80895dec29891ff02674acfd"}
,"C:\\BusinessBusiness\\tammy\\src\\components\\position\\PositionDetails.js": {"path":"C:\\BusinessBusiness\\tammy\\src\\components\\position\\PositionDetails.js","statementMap":{"0":{"start":{"line":8,"column":8},"end":{"line":8,"column":21}},"1":{"start":{"line":12,"column":29},"end":{"line":12,"column":39}},"2":{"start":{"line":13,"column":8},"end":{"line":39,"column":10}},"3":{"start":{"line":43,"column":24},"end":{"line":45,"column":2}},"4":{"start":{"line":43,"column":36},"end":{"line":45,"column":1}},"5":{"start":{"line":50,"column":0},"end":{"line":52,"column":2}}},"fnMap":{"0":{"name":"(anonymous_0)","decl":{"start":{"line":7,"column":4},"end":{"line":7,"column":5}},"loc":{"start":{"line":7,"column":23},"end":{"line":9,"column":5}},"line":7},"1":{"name":"(anonymous_1)","decl":{"start":{"line":11,"column":4},"end":{"line":11,"column":5}},"loc":{"start":{"line":11,"column":13},"end":{"line":40,"column":5}},"line":11},"2":{"name":"(anonymous_2)","decl":{"start":{"line":43,"column":24},"end":{"line":43,"column":25}},"loc":{"start":{"line":43,"column":36},"end":{"line":45,"column":1}},"line":43}},"branchMap":{"0":{"loc":{"start":{"line":15,"column":17},"end":{"line":18,"column":26}},"type":"binary-expr","locations":[{"start":{"line":15,"column":17},"end":{"line":15,"column":26}},{"start":{"line":16,"column":20},"end":{"line":18,"column":26}}],"line":15},"1":{"loc":{"start":{"line":20,"column":17},"end":{"line":36,"column":26}},"type":"binary-expr","locations":[{"start":{"line":20,"column":17},"end":{"line":20,"column":25}},{"start":{"line":21,"column":20},"end":{"line":36,"column":26}}],"line":20}},"s":{"0":2,"1":2,"2":2,"3":3,"4":0,"5":3},"f":{"0":2,"1":2,"2":0},"b":{"0":[2,1],"1":[2,1]},"_coverageSchema":"332fd63041d2c1bcb487cc26dd0d5f7d97098a6c","hash":"35242ef9b27bad352015f24bf95e2bfef18de8d8"}
,"C:\\BusinessBusiness\\tammy\\src\\components\\position\\PositionDetailsContent.js": {"path":"C:\\BusinessBusiness\\tammy\\src\\components\\position\\PositionDetailsContent.js","statementMap":{"0":{"start":{"line":6,"column":8},"end":{"line":6,"column":21}},"1":{"start":{"line":10,"column":29},"end":{"line":10,"column":39}},"2":{"start":{"line":11,"column":8},"end":{"line":38,"column":10}},"3":{"start":{"line":22,"column":32},"end":{"line":22,"column":69}},"4":{"start":{"line":32,"column":32},"end":{"line":32,"column":66}},"5":{"start":{"line":42,"column":0},"end":{"line":44,"column":2}}},"fnMap":{"0":{"name":"(anonymous_0)","decl":{"start":{"line":5,"column":4},"end":{"line":5,"column":5}},"loc":{"start":{"line":5,"column":23},"end":{"line":7,"column":5}},"line":5},"1":{"name":"(anonymous_1)","decl":{"start":{"line":9,"column":4},"end":{"line":9,"column":5}},"loc":{"start":{"line":9,"column":13},"end":{"line":39,"column":5}},"line":9},"2":{"name":"(anonymous_2)","decl":{"start":{"line":21,"column":67},"end":{"line":21,"column":68}},"loc":{"start":{"line":22,"column":32},"end":{"line":22,"column":69}},"line":22},"3":{"name":"(anonymous_3)","decl":{"start":{"line":31,"column":63},"end":{"line":31,"column":64}},"loc":{"start":{"line":32,"column":32},"end":{"line":32,"column":66}},"line":32}},"branchMap":{"0":{"loc":{"start":{"line":17,"column":17},"end":{"line":25,"column":26}},"type":"binary-expr","locations":[{"start":{"line":17,"column":17},"end":{"line":17,"column":50}},{"start":{"line":18,"column":20},"end":{"line":25,"column":26}}],"line":17},"1":{"loc":{"start":{"line":27,"column":17},"end":{"line":35,"column":26}},"type":"binary-expr","locations":[{"start":{"line":27,"column":17},"end":{"line":27,"column":46}},{"start":{"line":28,"column":20},"end":{"line":35,"column":26}}],"line":27}},"s":{"0":1,"1":1,"2":1,"3":2,"4":2,"5":4},"f":{"0":1,"1":1,"2":2,"3":2},"b":{"0":[1,1],"1":[1,1]},"_coverageSchema":"332fd63041d2c1bcb487cc26dd0d5f7d97098a6c","hash":"e921b4ade2126364a9854349fb728b78af7e40aa"}
,"C:\\BusinessBusiness\\tammy\\src\\components\\position\\PositionList.js": {"path":"C:\\BusinessBusiness\\tammy\\src\\components\\position\\PositionList.js","statementMap":{"0":{"start":{"line":7,"column":8},"end":{"line":7,"column":21}},"1":{"start":{"line":11,"column":8},"end":{"line":17,"column":9}},"2":{"start":{"line":12,"column":12},"end":{"line":16,"column":14}},"3":{"start":{"line":19,"column":8},"end":{"line":29,"column":10}},"4":{"start":{"line":23,"column":24},"end":{"line":26,"column":26}},"5":{"start":{"line":33,"column":0},"end":{"line":35,"column":2}}},"fnMap":{"0":{"name":"(anonymous_0)","decl":{"start":{"line":6,"column":4},"end":{"line":6,"column":5}},"loc":{"start":{"line":6,"column":23},"end":{"line":8,"column":5}},"line":6},"1":{"name":"(anonymous_1)","decl":{"start":{"line":10,"column":4},"end":{"line":10,"column":5}},"loc":{"start":{"line":10,"column":13},"end":{"line":30,"column":5}},"line":10},"2":{"name":"(anonymous_2)","decl":{"start":{"line":22,"column":45},"end":{"line":22,"column":46}},"loc":{"start":{"line":23,"column":24},"end":{"line":26,"column":26}},"line":23}},"branchMap":{"0":{"loc":{"start":{"line":11,"column":8},"end":{"line":17,"column":9}},"type":"if","locations":[{"start":{"line":11,"column":8},"end":{"line":17,"column":9}},{"start":{"line":11,"column":8},"end":{"line":17,"column":9}}],"line":11}},"s":{"0":2,"1":2,"2":1,"3":1,"4":2,"5":3},"f":{"0":2,"1":2,"2":2},"b":{"0":[1,1]},"_coverageSchema":"332fd63041d2c1bcb487cc26dd0d5f7d97098a6c","hash":"36bfe098af9f9592504652c21d9c8fc1a1af599f"}
,"C:\\BusinessBusiness\\tammy\\src\\components\\position\\PositionListFilter.js": {"path":"C:\\BusinessBusiness\\tammy\\src\\components\\position\\PositionListFilter.js","statementMap":{"0":{"start":{"line":8,"column":8},"end":{"line":8,"column":58}},"1":{"start":{"line":12,"column":8},"end":{"line":24,"column":10}},"2":{"start":{"line":28,"column":24},"end":{"line":30,"column":2}},"3":{"start":{"line":28,"column":36},"end":{"line":30,"column":1}},"4":{"start":{"line":32,"column":27},"end":{"line":34,"column":2}},"5":{"start":{"line":32,"column":42},"end":{"line":34,"column":1}},"6":{"start":{"line":33,"column":38},"end":{"line":33,"column":76}},"7":{"start":{"line":38,"column":0},"end":{"line":41,"column":2}}},"fnMap":{"0":{"name":"(anonymous_0)","decl":{"start":{"line":7,"column":19},"end":{"line":7,"column":20}},"loc":{"start":{"line":7,"column":26},"end":{"line":9,"column":5}},"line":7},"1":{"name":"(anonymous_1)","decl":{"start":{"line":11,"column":4},"end":{"line":11,"column":5}},"loc":{"start":{"line":11,"column":13},"end":{"line":25,"column":5}},"line":11},"2":{"name":"(anonymous_2)","decl":{"start":{"line":28,"column":24},"end":{"line":28,"column":25}},"loc":{"start":{"line":28,"column":36},"end":{"line":30,"column":1}},"line":28},"3":{"name":"(anonymous_3)","decl":{"start":{"line":32,"column":27},"end":{"line":32,"column":28}},"loc":{"start":{"line":32,"column":42},"end":{"line":34,"column":1}},"line":32},"4":{"name":"(anonymous_4)","decl":{"start":{"line":33,"column":28},"end":{"line":33,"column":29}},"loc":{"start":{"line":33,"column":38},"end":{"line":33,"column":76}},"line":33}},"branchMap":{},"s":{"0":1,"1":2,"2":3,"3":0,"4":3,"5":0,"6":0,"7":3},"f":{"0":1,"1":2,"2":0,"3":0,"4":0},"b":{},"_coverageSchema":"332fd63041d2c1bcb487cc26dd0d5f7d97098a6c","hash":"36ecf2cd40d43fd43862d59d1244cfd49783f4fe"}
,"C:\\BusinessBusiness\\tammy\\src\\components\\position\\PositionListItem.js": {"path":"C:\\BusinessBusiness\\tammy\\src\\components\\position\\PositionListItem.js","statementMap":{"0":{"start":{"line":8,"column":8},"end":{"line":8,"column":21}},"1":{"start":{"line":12,"column":8},"end":{"line":12,"column":59}},"2":{"start":{"line":16,"column":8},"end":{"line":30,"column":10}},"3":{"start":{"line":34,"column":27},"end":{"line":36,"column":2}},"4":{"start":{"line":34,"column":42},"end":{"line":36,"column":1}},"5":{"start":{"line":35,"column":38},"end":{"line":35,"column":76}},"6":{"start":{"line":40,"column":0},"end":{"line":46,"column":2}}},"fnMap":{"0":{"name":"(anonymous_0)","decl":{"start":{"line":7,"column":4},"end":{"line":7,"column":5}},"loc":{"start":{"line":7,"column":23},"end":{"line":9,"column":5}},"line":7},"1":{"name":"(anonymous_1)","decl":{"start":{"line":11,"column":24},"end":{"line":11,"column":25}},"loc":{"start":{"line":11,"column":30},"end":{"line":13,"column":5}},"line":11},"2":{"name":"(anonymous_2)","decl":{"start":{"line":15,"column":4},"end":{"line":15,"column":5}},"loc":{"start":{"line":15,"column":13},"end":{"line":31,"column":5}},"line":15},"3":{"name":"(anonymous_3)","decl":{"start":{"line":34,"column":27},"end":{"line":34,"column":28}},"loc":{"start":{"line":34,"column":42},"end":{"line":36,"column":1}},"line":34},"4":{"name":"(anonymous_4)","decl":{"start":{"line":35,"column":22},"end":{"line":35,"column":23}},"loc":{"start":{"line":35,"column":38},"end":{"line":35,"column":76}},"line":35}},"branchMap":{},"s":{"0":2,"1":1,"2":2,"3":4,"4":0,"5":0,"6":4},"f":{"0":2,"1":1,"2":2,"3":0,"4":0},"b":{},"_coverageSchema":"332fd63041d2c1bcb487cc26dd0d5f7d97098a6c","hash":"7739cdef135a7a2587b8ae09c513263c2728d0f3"}
,"C:\\BusinessBusiness\\tammy\\src\\components\\position\\PositionsPage.js": {"path":"C:\\BusinessBusiness\\tammy\\src\\components\\position\\PositionsPage.js","statementMap":{"0":{"start":{"line":6,"column":8},"end":{"line":6,"column":21}},"1":{"start":{"line":13,"column":8},"end":{"line":17,"column":10}}},"fnMap":{"0":{"name":"(anonymous_0)","decl":{"start":{"line":5,"column":4},"end":{"line":5,"column":5}},"loc":{"start":{"line":5,"column":23},"end":{"line":7,"column":5}},"line":5},"1":{"name":"(anonymous_1)","decl":{"start":{"line":9,"column":4},"end":{"line":9,"column":5}},"loc":{"start":{"line":9,"column":24},"end":{"line":10,"column":5}},"line":9},"2":{"name":"(anonymous_2)","decl":{"start":{"line":12,"column":4},"end":{"line":12,"column":5}},"loc":{"start":{"line":12,"column":13},"end":{"line":18,"column":5}},"line":12}},"branchMap":{},"s":{"0":1,"1":1},"f":{"0":1,"1":1,"2":1},"b":{},"_coverageSchema":"332fd63041d2c1bcb487cc26dd0d5f7d97098a6c","hash":"beeace46b5a1c0fe6cf572149ba98a94140398bc"}
,"C:\\BusinessBusiness\\tammy\\src\\components\\user\\UserAddressWidget.js": {"path":"C:\\BusinessBusiness\\tammy\\src\\components\\user\\UserAddressWidget.js","statementMap":{"0":{"start":{"line":9,"column":8},"end":{"line":9,"column":21}},"1":{"start":{"line":10,"column":8},"end":{"line":16,"column":10}},"2":{"start":{"line":20,"column":26},"end":{"line":20,"column":39}},"3":{"start":{"line":21,"column":27},"end":{"line":21,"column":41}},"4":{"start":{"line":23,"column":8},"end":{"line":33,"column":9}},"5":{"start":{"line":25,"column":16},"end":{"line":25,"column":60}},"6":{"start":{"line":26,"column":16},"end":{"line":26,"column":23}},"7":{"start":{"line":28,"column":16},"end":{"line":28,"column":67}},"8":{"start":{"line":29,"column":16},"end":{"line":29,"column":23}},"9":{"start":{"line":31,"column":16},"end":{"line":31,"column":59}},"10":{"start":{"line":32,"column":16},"end":{"line":32,"column":23}},"11":{"start":{"line":37,"column":8},"end":{"line":39,"column":9}},"12":{"start":{"line":38,"column":12},"end":{"line":38,"column":62}},"13":{"start":{"line":38,"column":33},"end":{"line":38,"column":59}},"14":{"start":{"line":43,"column":8},"end":{"line":45,"column":9}},"15":{"start":{"line":44,"column":12},"end":{"line":44,"column":71}},"16":{"start":{"line":44,"column":33},"end":{"line":44,"column":68}},"17":{"start":{"line":49,"column":8},"end":{"line":51,"column":11}},"18":{"start":{"line":49,"column":29},"end":{"line":51,"column":9}},"19":{"start":{"line":55,"column":29},"end":{"line":55,"column":58}},"20":{"start":{"line":56,"column":8},"end":{"line":56,"column":42}},"21":{"start":{"line":60,"column":8},"end":{"line":149,"column":9}},"22":{"start":{"line":153,"column":0},"end":{"line":157,"column":2}}},"fnMap":{"0":{"name":"(anonymous_0)","decl":{"start":{"line":8,"column":4},"end":{"line":8,"column":5}},"loc":{"start":{"line":8,"column":23},"end":{"line":17,"column":5}},"line":8},"1":{"name":"(anonymous_1)","decl":{"start":{"line":19,"column":24},"end":{"line":19,"column":25}},"loc":{"start":{"line":19,"column":31},"end":{"line":34,"column":5}},"line":19},"2":{"name":"(anonymous_2)","decl":{"start":{"line":36,"column":33},"end":{"line":36,"column":34}},"loc":{"start":{"line":36,"column":49},"end":{"line":40,"column":5}},"line":36},"3":{"name":"(anonymous_3)","decl":{"start":{"line":38,"column":26},"end":{"line":38,"column":27}},"loc":{"start":{"line":38,"column":33},"end":{"line":38,"column":59}},"line":38},"4":{"name":"(anonymous_4)","decl":{"start":{"line":42,"column":40},"end":{"line":42,"column":41}},"loc":{"start":{"line":42,"column":56},"end":{"line":46,"column":5}},"line":42},"5":{"name":"(anonymous_5)","decl":{"start":{"line":44,"column":26},"end":{"line":44,"column":27}},"loc":{"start":{"line":44,"column":33},"end":{"line":44,"column":68}},"line":44},"6":{"name":"(anonymous_6)","decl":{"start":{"line":48,"column":21},"end":{"line":48,"column":22}},"loc":{"start":{"line":49,"column":8},"end":{"line":51,"column":11}},"line":49},"7":{"name":"(anonymous_7)","decl":{"start":{"line":49,"column":22},"end":{"line":49,"column":23}},"loc":{"start":{"line":49,"column":29},"end":{"line":51,"column":9}},"line":49},"8":{"name":"(anonymous_8)","decl":{"start":{"line":54,"column":19},"end":{"line":54,"column":20}},"loc":{"start":{"line":54,"column":25},"end":{"line":57,"column":5}},"line":54},"9":{"name":"(anonymous_9)","decl":{"start":{"line":59,"column":4},"end":{"line":59,"column":5}},"loc":{"start":{"line":59,"column":13},"end":{"line":150,"column":5}},"line":59}},"branchMap":{"0":{"loc":{"start":{"line":11,"column":26},"end":{"line":11,"column":80}},"type":"cond-expr","locations":[{"start":{"line":11,"column":52},"end":{"line":11,"column":75}},{"start":{"line":11,"column":78},"end":{"line":11,"column":80}}],"line":11},"1":{"loc":{"start":{"line":12,"column":26},"end":{"line":12,"column":80}},"type":"cond-expr","locations":[{"start":{"line":12,"column":52},"end":{"line":12,"column":75}},{"start":{"line":12,"column":78},"end":{"line":12,"column":80}}],"line":12},"2":{"loc":{"start":{"line":13,"column":18},"end":{"line":13,"column":56}},"type":"cond-expr","locations":[{"start":{"line":13,"column":36},"end":{"line":13,"column":51}},{"start":{"line":13,"column":54},"end":{"line":13,"column":56}}],"line":13},"3":{"loc":{"start":{"line":14,"column":19},"end":{"line":14,"column":59}},"type":"cond-expr","locations":[{"start":{"line":14,"column":38},"end":{"line":14,"column":54}},{"start":{"line":14,"column":57},"end":{"line":14,"column":59}}],"line":14},"4":{"loc":{"start":{"line":15,"column":24},"end":{"line":15,"column":74}},"type":"cond-expr","locations":[{"start":{"line":15,"column":48},"end":{"line":15,"column":69}},{"start":{"line":15,"column":72},"end":{"line":15,"column":74}}],"line":15},"5":{"loc":{"start":{"line":23,"column":8},"end":{"line":33,"column":9}},"type":"switch","locations":[{"start":{"line":24,"column":12},"end":{"line":26,"column":23}},{"start":{"line":27,"column":12},"end":{"line":29,"column":23}},{"start":{"line":30,"column":12},"end":{"line":32,"column":23}}],"line":23},"6":{"loc":{"start":{"line":37,"column":8},"end":{"line":39,"column":9}},"type":"if","locations":[{"start":{"line":37,"column":8},"end":{"line":39,"column":9}},{"start":{"line":37,"column":8},"end":{"line":39,"column":9}}],"line":37},"7":{"loc":{"start":{"line":37,"column":12},"end":{"line":37,"column":57}},"type":"binary-expr","locations":[{"start":{"line":37,"column":12},"end":{"line":37,"column":23}},{"start":{"line":37,"column":27},"end":{"line":37,"column":57}}],"line":37},"8":{"loc":{"start":{"line":43,"column":8},"end":{"line":45,"column":9}},"type":"if","locations":[{"start":{"line":43,"column":8},"end":{"line":45,"column":9}},{"start":{"line":43,"column":8},"end":{"line":45,"column":9}}],"line":43},"9":{"loc":{"start":{"line":43,"column":12},"end":{"line":43,"column":62}},"type":"binary-expr","locations":[{"start":{"line":43,"column":12},"end":{"line":43,"column":23}},{"start":{"line":43,"column":27},"end":{"line":43,"column":62}}],"line":43},"10":{"loc":{"start":{"line":137,"column":17},"end":{"line":146,"column":26}},"type":"binary-expr","locations":[{"start":{"line":137,"column":17},"end":{"line":137,"column":39}},{"start":{"line":138,"column":20},"end":{"line":146,"column":26}}],"line":137},"11":{"loc":{"start":{"line":140,"column":38},"end":{"line":140,"column":129}},"type":"binary-expr","locations":[{"start":{"line":140,"column":38},"end":{"line":140,"column":62}},{"start":{"line":140,"column":66},"end":{"line":140,"column":82}},{"start":{"line":140,"column":86},"end":{"line":140,"column":103}},{"start":{"line":140,"column":107},"end":{"line":140,"column":129}}],"line":140}},"s":{"0":16,"1":16,"2":7,"3":7,"4":7,"5":0,"6":0,"7":0,"8":0,"9":7,"10":7,"11":0,"12":0,"13":0,"14":0,"15":0,"16":0,"17":7,"18":7,"19":1,"20":1,"21":24,"22":3},"f":{"0":16,"1":7,"2":0,"3":0,"4":0,"5":0,"6":7,"7":7,"8":1,"9":24},"b":{"0":[16,0],"1":[16,0],"2":[16,0],"3":[16,0],"4":[16,0],"5":[0,0,7],"6":[0,0],"7":[0,0],"8":[0,0],"9":[0,0],"10":[24,23],"11":[23,22,22,22]},"_coverageSchema":"332fd63041d2c1bcb487cc26dd0d5f7d97098a6c","hash":"1638e5eea866d2a50a7fbbcaf6e365d9d3619f69"}
,"C:\\BusinessBusiness\\tammy\\src\\components\\user\\UserContactInfoWidget.js": {"path":"C:\\BusinessBusiness\\tammy\\src\\components\\user\\UserContactInfoWidget.js","statementMap":{"0":{"start":{"line":10,"column":8},"end":{"line":10,"column":21}},"1":{"start":{"line":11,"column":8},"end":{"line":18,"column":10}},"2":{"start":{"line":22,"column":27},"end":{"line":22,"column":41}},"3":{"start":{"line":24,"column":8},"end":{"line":24,"column":45}},"4":{"start":{"line":28,"column":26},"end":{"line":28,"column":39}},"5":{"start":{"line":29,"column":27},"end":{"line":29,"column":41}},"6":{"start":{"line":31,"column":8},"end":{"line":38,"column":9}},"7":{"start":{"line":32,"column":12},"end":{"line":32,"column":63}},"8":{"start":{"line":33,"column":12},"end":{"line":33,"column":57}},"9":{"start":{"line":36,"column":12},"end":{"line":36,"column":70}},"10":{"start":{"line":37,"column":12},"end":{"line":37,"column":58}},"11":{"start":{"line":42,"column":26},"end":{"line":42,"column":39}},"12":{"start":{"line":43,"column":27},"end":{"line":43,"column":41}},"13":{"start":{"line":45,"column":8},"end":{"line":47,"column":9}},"14":{"start":{"line":46,"column":12},"end":{"line":46,"column":62}},"15":{"start":{"line":49,"column":8},"end":{"line":66,"column":9}},"16":{"start":{"line":52,"column":16},"end":{"line":54,"column":17}},"17":{"start":{"line":53,"column":20},"end":{"line":53,"column":63}},"18":{"start":{"line":55,"column":16},"end":{"line":55,"column":23}},"19":{"start":{"line":57,"column":16},"end":{"line":59,"column":17}},"20":{"start":{"line":58,"column":20},"end":{"line":58,"column":63}},"21":{"start":{"line":60,"column":16},"end":{"line":60,"column":23}},"22":{"start":{"line":62,"column":16},"end":{"line":64,"column":17}},"23":{"start":{"line":63,"column":20},"end":{"line":63,"column":63}},"24":{"start":{"line":65,"column":16},"end":{"line":65,"column":23}},"25":{"start":{"line":71,"column":50},"end":{"line":71,"column":79}},"26":{"start":{"line":72,"column":8},"end":{"line":72,"column":42}},"27":{"start":{"line":76,"column":8},"end":{"line":163,"column":9}},"28":{"start":{"line":167,"column":0},"end":{"line":171,"column":2}}},"fnMap":{"0":{"name":"(anonymous_0)","decl":{"start":{"line":9,"column":4},"end":{"line":9,"column":5}},"loc":{"start":{"line":9,"column":23},"end":{"line":19,"column":5}},"line":9},"1":{"name":"(anonymous_1)","decl":{"start":{"line":21,"column":23},"end":{"line":21,"column":24}},"loc":{"start":{"line":21,"column":30},"end":{"line":25,"column":5}},"line":21},"2":{"name":"(anonymous_2)","decl":{"start":{"line":27,"column":28},"end":{"line":27,"column":29}},"loc":{"start":{"line":27,"column":35},"end":{"line":39,"column":5}},"line":27},"3":{"name":"(anonymous_3)","decl":{"start":{"line":41,"column":34},"end":{"line":41,"column":35}},"loc":{"start":{"line":41,"column":41},"end":{"line":67,"column":5}},"line":41},"4":{"name":"(anonymous_4)","decl":{"start":{"line":69,"column":19},"end":{"line":69,"column":20}},"loc":{"start":{"line":69,"column":25},"end":{"line":73,"column":5}},"line":69},"5":{"name":"(anonymous_5)","decl":{"start":{"line":75,"column":4},"end":{"line":75,"column":5}},"loc":{"start":{"line":75,"column":13},"end":{"line":164,"column":5}},"line":75}},"branchMap":{"0":{"loc":{"start":{"line":12,"column":26},"end":{"line":12,"column":57}},"type":"cond-expr","locations":[{"start":{"line":12,"column":45},"end":{"line":12,"column":49}},{"start":{"line":12,"column":52},"end":{"line":12,"column":57}}],"line":12},"1":{"loc":{"start":{"line":13,"column":19},"end":{"line":13,"column":59}},"type":"cond-expr","locations":[{"start":{"line":13,"column":38},"end":{"line":13,"column":54}},{"start":{"line":13,"column":57},"end":{"line":13,"column":59}}],"line":13},"2":{"loc":{"start":{"line":14,"column":27},"end":{"line":14,"column":83}},"type":"cond-expr","locations":[{"start":{"line":14,"column":54},"end":{"line":14,"column":78}},{"start":{"line":14,"column":81},"end":{"line":14,"column":83}}],"line":14},"3":{"loc":{"start":{"line":15,"column":25},"end":{"line":15,"column":77}},"type":"cond-expr","locations":[{"start":{"line":15,"column":50},"end":{"line":15,"column":72}},{"start":{"line":15,"column":75},"end":{"line":15,"column":77}}],"line":15},"4":{"loc":{"start":{"line":16,"column":29},"end":{"line":16,"column":89}},"type":"cond-expr","locations":[{"start":{"line":16,"column":58},"end":{"line":16,"column":84}},{"start":{"line":16,"column":87},"end":{"line":16,"column":89}}],"line":16},"5":{"loc":{"start":{"line":17,"column":22},"end":{"line":17,"column":68}},"type":"cond-expr","locations":[{"start":{"line":17,"column":44},"end":{"line":17,"column":63}},{"start":{"line":17,"column":66},"end":{"line":17,"column":68}}],"line":17},"6":{"loc":{"start":{"line":31,"column":8},"end":{"line":38,"column":9}},"type":"if","locations":[{"start":{"line":31,"column":8},"end":{"line":38,"column":9}},{"start":{"line":31,"column":8},"end":{"line":38,"column":9}}],"line":31},"7":{"loc":{"start":{"line":31,"column":12},"end":{"line":31,"column":51}},"type":"binary-expr","locations":[{"start":{"line":31,"column":12},"end":{"line":31,"column":23}},{"start":{"line":31,"column":27},"end":{"line":31,"column":51}}],"line":31},"8":{"loc":{"start":{"line":45,"column":8},"end":{"line":47,"column":9}},"type":"if","locations":[{"start":{"line":45,"column":8},"end":{"line":47,"column":9}},{"start":{"line":45,"column":8},"end":{"line":47,"column":9}}],"line":45},"9":{"loc":{"start":{"line":49,"column":8},"end":{"line":66,"column":9}},"type":"switch","locations":[{"start":{"line":50,"column":12},"end":{"line":50,"column":33}},{"start":{"line":51,"column":12},"end":{"line":55,"column":23}},{"start":{"line":56,"column":12},"end":{"line":60,"column":23}},{"start":{"line":61,"column":12},"end":{"line":65,"column":23}}],"line":49},"10":{"loc":{"start":{"line":52,"column":16},"end":{"line":54,"column":17}},"type":"if","locations":[{"start":{"line":52,"column":16},"end":{"line":54,"column":17}},{"start":{"line":52,"column":16},"end":{"line":54,"column":17}}],"line":52},"11":{"loc":{"start":{"line":57,"column":16},"end":{"line":59,"column":17}},"type":"if","locations":[{"start":{"line":57,"column":16},"end":{"line":59,"column":17}},{"start":{"line":57,"column":16},"end":{"line":59,"column":17}}],"line":57},"12":{"loc":{"start":{"line":62,"column":16},"end":{"line":64,"column":17}},"type":"if","locations":[{"start":{"line":62,"column":16},"end":{"line":64,"column":17}},{"start":{"line":62,"column":16},"end":{"line":64,"column":17}}],"line":62},"13":{"loc":{"start":{"line":152,"column":21},"end":{"line":159,"column":29}},"type":"binary-expr","locations":[{"start":{"line":152,"column":21},"end":{"line":152,"column":43}},{"start":{"line":153,"column":24},"end":{"line":159,"column":29}}],"line":152}},"s":{"0":22,"1":22,"2":1,"3":1,"4":4,"5":4,"6":4,"7":2,"8":2,"9":2,"10":2,"11":12,"12":12,"13":12,"14":4,"15":8,"16":4,"17":2,"18":4,"19":2,"20":1,"21":2,"22":2,"23":1,"24":2,"25":1,"26":1,"27":36,"28":3},"f":{"0":22,"1":1,"2":4,"3":12,"4":1,"5":36},"b":{"0":[22,0],"1":[22,0],"2":[22,0],"3":[22,0],"4":[22,0],"5":[22,0],"6":[2,2],"7":[4,4],"8":[4,8],"9":[2,4,2,2],"10":[2,2],"11":[1,1],"12":[1,1],"13":[36,35]},"_coverageSchema":"332fd63041d2c1bcb487cc26dd0d5f7d97098a6c","hash":"61821ab21e27c43bb86b44070499fb3e1b61ead9"}
,"C:\\BusinessBusiness\\tammy\\src\\components\\user\\UserNameWidget.js": {"path":"C:\\BusinessBusiness\\tammy\\src\\components\\user\\UserNameWidget.js","statementMap":{"0":{"start":{"line":9,"column":8},"end":{"line":9,"column":21}},"1":{"start":{"line":10,"column":8},"end":{"line":15,"column":10}},"2":{"start":{"line":19,"column":26},"end":{"line":19,"column":39}},"3":{"start":{"line":20,"column":27},"end":{"line":20,"column":41}},"4":{"start":{"line":22,"column":8},"end":{"line":24,"column":12}},"5":{"start":{"line":22,"column":36},"end":{"line":24,"column":9}},"6":{"start":{"line":28,"column":28},"end":{"line":28,"column":126}},"7":{"start":{"line":29,"column":29},"end":{"line":29,"column":75}},"8":{"start":{"line":30,"column":8},"end":{"line":30,"column":42}},"9":{"start":{"line":31,"column":8},"end":{"line":31,"column":43}},"10":{"start":{"line":35,"column":8},"end":{"line":114,"column":9}},"11":{"start":{"line":118,"column":0},"end":{"line":122,"column":2}}},"fnMap":{"0":{"name":"(anonymous_0)","decl":{"start":{"line":8,"column":4},"end":{"line":8,"column":5}},"loc":{"start":{"line":8,"column":23},"end":{"line":16,"column":5}},"line":8},"1":{"name":"(anonymous_1)","decl":{"start":{"line":18,"column":24},"end":{"line":18,"column":25}},"loc":{"start":{"line":18,"column":31},"end":{"line":25,"column":5}},"line":18},"2":{"name":"(anonymous_2)","decl":{"start":{"line":22,"column":29},"end":{"line":22,"column":30}},"loc":{"start":{"line":22,"column":36},"end":{"line":24,"column":9}},"line":22},"3":{"name":"(anonymous_3)","decl":{"start":{"line":27,"column":19},"end":{"line":27,"column":20}},"loc":{"start":{"line":27,"column":25},"end":{"line":32,"column":5}},"line":27},"4":{"name":"(anonymous_4)","decl":{"start":{"line":34,"column":4},"end":{"line":34,"column":5}},"loc":{"start":{"line":34,"column":13},"end":{"line":115,"column":5}},"line":34}},"branchMap":{"0":{"loc":{"start":{"line":11,"column":23},"end":{"line":11,"column":71}},"type":"cond-expr","locations":[{"start":{"line":11,"column":46},"end":{"line":11,"column":66}},{"start":{"line":11,"column":69},"end":{"line":11,"column":71}}],"line":11},"1":{"loc":{"start":{"line":12,"column":24},"end":{"line":12,"column":74}},"type":"cond-expr","locations":[{"start":{"line":12,"column":48},"end":{"line":12,"column":69}},{"start":{"line":12,"column":72},"end":{"line":12,"column":74}}],"line":12},"2":{"loc":{"start":{"line":13,"column":22},"end":{"line":13,"column":68}},"type":"cond-expr","locations":[{"start":{"line":13,"column":44},"end":{"line":13,"column":63}},{"start":{"line":13,"column":66},"end":{"line":13,"column":68}}],"line":13},"3":{"loc":{"start":{"line":14,"column":25},"end":{"line":14,"column":77}},"type":"cond-expr","locations":[{"start":{"line":14,"column":50},"end":{"line":14,"column":72}},{"start":{"line":14,"column":75},"end":{"line":14,"column":77}}],"line":14},"4":{"loc":{"start":{"line":28,"column":28},"end":{"line":28,"column":126}},"type":"cond-expr","locations":[{"start":{"line":28,"column":53},"end":{"line":28,"column":75}},{"start":{"line":28,"column":78},"end":{"line":28,"column":126}}],"line":28},"5":{"loc":{"start":{"line":103,"column":21},"end":{"line":110,"column":29}},"type":"binary-expr","locations":[{"start":{"line":103,"column":21},"end":{"line":103,"column":43}},{"start":{"line":104,"column":24},"end":{"line":110,"column":29}}],"line":103},"6":{"loc":{"start":{"line":105,"column":38},"end":{"line":105,"column":83}},"type":"binary-expr","locations":[{"start":{"line":105,"column":38},"end":{"line":105,"column":59}},{"start":{"line":105,"column":63},"end":{"line":105,"column":83}}],"line":105}},"s":{"0":13,"1":13,"2":4,"3":4,"4":4,"5":4,"6":3,"7":3,"8":3,"9":3,"10":23,"11":3},"f":{"0":13,"1":4,"2":4,"3":3,"4":23},"b":{"0":[13,0],"1":[13,0],"2":[13,0],"3":[13,0],"4":[1,2],"5":[23,22],"6":[22,21]},"_coverageSchema":"332fd63041d2c1bcb487cc26dd0d5f7d97098a6c","hash":"95a27449bb4f13076c6214b05c11b6f0dbd0aa41"}
,"C:\\BusinessBusiness\\tammy\\src\\components\\user\\UserProfileContainer.js": {"path":"C:\\BusinessBusiness\\tammy\\src\\components\\user\\UserProfileContainer.js","statementMap":{"0":{"start":{"line":12,"column":8},"end":{"line":12,"column":21}},"1":{"start":{"line":16,"column":8},"end":{"line":16,"column":39}},"2":{"start":{"line":20,"column":8},"end":{"line":52,"column":10}},"3":{"start":{"line":56,"column":24},"end":{"line":58,"column":2}},"4":{"start":{"line":56,"column":36},"end":{"line":58,"column":1}},"5":{"start":{"line":60,"column":27},"end":{"line":62,"column":2}},"6":{"start":{"line":60,"column":42},"end":{"line":62,"column":1}},"7":{"start":{"line":61,"column":29},"end":{"line":61,"column":58}},"8":{"start":{"line":66,"column":0},"end":{"line":70,"column":2}}},"fnMap":{"0":{"name":"(anonymous_0)","decl":{"start":{"line":11,"column":4},"end":{"line":11,"column":5}},"loc":{"start":{"line":11,"column":23},"end":{"line":13,"column":5}},"line":11},"1":{"name":"(anonymous_1)","decl":{"start":{"line":15,"column":15},"end":{"line":15,"column":16}},"loc":{"start":{"line":15,"column":25},"end":{"line":17,"column":5}},"line":15},"2":{"name":"(anonymous_2)","decl":{"start":{"line":19,"column":4},"end":{"line":19,"column":5}},"loc":{"start":{"line":19,"column":13},"end":{"line":53,"column":5}},"line":19},"3":{"name":"(anonymous_3)","decl":{"start":{"line":56,"column":24},"end":{"line":56,"column":25}},"loc":{"start":{"line":56,"column":36},"end":{"line":58,"column":1}},"line":56},"4":{"name":"(anonymous_4)","decl":{"start":{"line":60,"column":27},"end":{"line":60,"column":28}},"loc":{"start":{"line":60,"column":42},"end":{"line":62,"column":1}},"line":60},"5":{"name":"(anonymous_5)","decl":{"start":{"line":61,"column":19},"end":{"line":61,"column":20}},"loc":{"start":{"line":61,"column":29},"end":{"line":61,"column":58}},"line":61}},"branchMap":{"0":{"loc":{"start":{"line":22,"column":17},"end":{"line":22,"column":52}},"type":"binary-expr","locations":[{"start":{"line":22,"column":17},"end":{"line":22,"column":33}},{"start":{"line":22,"column":37},"end":{"line":22,"column":52}}],"line":22},"1":{"loc":{"start":{"line":23,"column":17},"end":{"line":49,"column":26}},"type":"binary-expr","locations":[{"start":{"line":23,"column":17},"end":{"line":23,"column":32}},{"start":{"line":24,"column":20},"end":{"line":49,"column":26}}],"line":23}},"s":{"0":5,"1":3,"2":5,"3":2,"4":0,"5":2,"6":0,"7":0,"8":2},"f":{"0":5,"1":3,"2":5,"3":0,"4":0,"5":0},"b":{"0":[5,1],"1":[5,4]},"_coverageSchema":"332fd63041d2c1bcb487cc26dd0d5f7d97098a6c","hash":"eeab545db347dd1d9e2c66841a3e5376673402a3"}
,"C:\\BusinessBusiness\\tammy\\src\\components\\user\\UserProfilePage.js": {"path":"C:\\BusinessBusiness\\tammy\\src\\components\\user\\UserProfilePage.js","statementMap":{"0":{"start":{"line":6,"column":8},"end":{"line":6,"column":21}},"1":{"start":{"line":13,"column":8},"end":{"line":17,"column":10}}},"fnMap":{"0":{"name":"(anonymous_0)","decl":{"start":{"line":5,"column":4},"end":{"line":5,"column":5}},"loc":{"start":{"line":5,"column":23},"end":{"line":7,"column":5}},"line":5},"1":{"name":"(anonymous_1)","decl":{"start":{"line":9,"column":4},"end":{"line":9,"column":5}},"loc":{"start":{"line":9,"column":24},"end":{"line":10,"column":5}},"line":9},"2":{"name":"(anonymous_2)","decl":{"start":{"line":12,"column":4},"end":{"line":12,"column":5}},"loc":{"start":{"line":12,"column":13},"end":{"line":18,"column":5}},"line":12}},"branchMap":{},"s":{"0":1,"1":1},"f":{"0":1,"1":1,"2":1},"b":{},"_coverageSchema":"332fd63041d2c1bcb487cc26dd0d5f7d97098a6c","hash":"e2c7cd773ee8382a2480b6156dd1de2b8e47853e"}
,"C:\\BusinessBusiness\\tammy\\src\\components\\user\\tools\\inputs.js": {"path":"C:\\BusinessBusiness\\tammy\\src\\components\\user\\tools\\inputs.js","statementMap":{"0":{"start":{"line":5,"column":8},"end":{"line":5,"column":81}},"1":{"start":{"line":6,"column":8},"end":{"line":6,"column":79}},"2":{"start":{"line":10,"column":26},"end":{"line":10,"column":39}},"3":{"start":{"line":11,"column":27},"end":{"line":11,"column":41}},"4":{"start":{"line":13,"column":8},"end":{"line":18,"column":9}},"5":{"start":{"line":14,"column":12},"end":{"line":14,"column":59}},"6":{"start":{"line":17,"column":12},"end":{"line":17,"column":52}},"7":{"start":{"line":22,"column":8},"end":{"line":27,"column":9}},"8":{"start":{"line":23,"column":12},"end":{"line":23,"column":96}},"9":{"start":{"line":26,"column":12},"end":{"line":26,"column":93}}},"fnMap":{"0":{"name":"(anonymous_0)","decl":{"start":{"line":4,"column":4},"end":{"line":4,"column":5}},"loc":{"start":{"line":4,"column":18},"end":{"line":7,"column":5}},"line":4},"1":{"name":"(anonymous_1)","decl":{"start":{"line":9,"column":4},"end":{"line":9,"column":5}},"loc":{"start":{"line":9,"column":32},"end":{"line":19,"column":5}},"line":9},"2":{"name":"(anonymous_2)","decl":{"start":{"line":21,"column":4},"end":{"line":21,"column":5}},"loc":{"start":{"line":21,"column":60},"end":{"line":28,"column":5}},"line":21}},"branchMap":{"0":{"loc":{"start":{"line":13,"column":8},"end":{"line":18,"column":9}},"type":"if","locations":[{"start":{"line":13,"column":8},"end":{"line":18,"column":9}},{"start":{"line":13,"column":8},"end":{"line":18,"column":9}}],"line":13},"1":{"loc":{"start":{"line":21,"column":39},"end":{"line":21,"column":58}},"type":"default-arg","locations":[{"start":{"line":21,"column":54},"end":{"line":21,"column":58}}],"line":21},"2":{"loc":{"start":{"line":22,"column":8},"end":{"line":27,"column":9}},"type":"if","locations":[{"start":{"line":22,"column":8},"end":{"line":27,"column":9}},{"start":{"line":22,"column":8},"end":{"line":27,"column":9}}],"line":22}},"s":{"0":4,"1":4,"2":2,"3":2,"4":2,"5":1,"6":1,"7":4,"8":2,"9":2},"f":{"0":4,"1":2,"2":4},"b":{"0":[1,1],"1":[2],"2":[2,2]},"_coverageSchema":"332fd63041d2c1bcb487cc26dd0d5f7d97098a6c","hash":"f1779d3c61475d440874890adfbf61dcf1b78708"}
,"C:\\BusinessBusiness\\tammy\\src\\firebase\\firebase.js": {"path":"C:\\BusinessBusiness\\tammy\\src\\firebase\\firebase.js","statementMap":{"0":{"start":{"line":3,"column":15},"end":{"line":10,"column":1}},"1":{"start":{"line":12,"column":0},"end":{"line":12,"column":31}},"2":{"start":{"line":14,"column":17},"end":{"line":14,"column":36}},"3":{"start":{"line":15,"column":27},"end":{"line":15,"column":65}}},"fnMap":{},"branchMap":{},"s":{"0":7,"1":7,"2":7,"3":7},"f":{},"b":{},"_coverageSchema":"332fd63041d2c1bcb487cc26dd0d5f7d97098a6c","hash":"582c0a6dcfeb1538c9fcfed3e69e308321221604"}
,"C:\\BusinessBusiness\\tammy\\src\\reducers\\auth.js": {"path":"C:\\BusinessBusiness\\tammy\\src\\reducers\\auth.js","statementMap":{"0":{"start":{"line":2,"column":4},"end":{"line":11,"column":5}},"1":{"start":{"line":4,"column":12},"end":{"line":6,"column":14}},"2":{"start":{"line":8,"column":12},"end":{"line":8,"column":22}},"3":{"start":{"line":10,"column":12},"end":{"line":10,"column":25}}},"fnMap":{"0":{"name":"(anonymous_0)","decl":{"start":{"line":1,"column":15},"end":{"line":1,"column":16}},"loc":{"start":{"line":1,"column":39},"end":{"line":12,"column":1}},"line":1}},"branchMap":{"0":{"loc":{"start":{"line":1,"column":16},"end":{"line":1,"column":26}},"type":"default-arg","locations":[{"start":{"line":1,"column":24},"end":{"line":1,"column":26}}],"line":1},"1":{"loc":{"start":{"line":2,"column":4},"end":{"line":11,"column":5}},"type":"switch","locations":[{"start":{"line":3,"column":8},"end":{"line":6,"column":14}},{"start":{"line":7,"column":8},"end":{"line":8,"column":22}},{"start":{"line":9,"column":8},"end":{"line":10,"column":25}}],"line":2}},"s":{"0":3,"1":1,"2":1,"3":1},"f":{"0":3},"b":{"0":[3],"1":[1,1,1]},"_coverageSchema":"332fd63041d2c1bcb487cc26dd0d5f7d97098a6c","hash":"87e161914850e6d580dc1ba8d8bfd014cdc5cd82"}
,"C:\\BusinessBusiness\\tammy\\src\\reducers\\position.js": {"path":"C:\\BusinessBusiness\\tammy\\src\\reducers\\position.js","statementMap":{"0":{"start":{"line":1,"column":36},"end":{"line":1,"column":40}},"1":{"start":{"line":3,"column":24},"end":{"line":12,"column":1}},"2":{"start":{"line":4,"column":4},"end":{"line":11,"column":5}},"3":{"start":{"line":6,"column":12},"end":{"line":6,"column":35}},"4":{"start":{"line":8,"column":12},"end":{"line":8,"column":24}},"5":{"start":{"line":10,"column":12},"end":{"line":10,"column":25}}},"fnMap":{"0":{"name":"(anonymous_0)","decl":{"start":{"line":3,"column":24},"end":{"line":3,"column":25}},"loc":{"start":{"line":3,"column":73},"end":{"line":12,"column":1}},"line":3}},"branchMap":{"0":{"loc":{"start":{"line":3,"column":25},"end":{"line":3,"column":60}},"type":"default-arg","locations":[{"start":{"line":3,"column":33},"end":{"line":3,"column":60}}],"line":3},"1":{"loc":{"start":{"line":4,"column":4},"end":{"line":11,"column":5}},"type":"switch","locations":[{"start":{"line":5,"column":8},"end":{"line":6,"column":35}},{"start":{"line":7,"column":8},"end":{"line":8,"column":24}},{"start":{"line":9,"column":8},"end":{"line":10,"column":25}}],"line":4}},"s":{"0":1,"1":1,"2":3,"3":1,"4":1,"5":1},"f":{"0":3},"b":{"0":[2],"1":[1,1,1]},"_coverageSchema":"332fd63041d2c1bcb487cc26dd0d5f7d97098a6c","hash":"375b39e0d21493f19e73365df7491228a2648361"}
,"C:\\BusinessBusiness\\tammy\\src\\reducers\\positions.js": {"path":"C:\\BusinessBusiness\\tammy\\src\\reducers\\positions.js","statementMap":{"0":{"start":{"line":1,"column":37},"end":{"line":1,"column":39}},"1":{"start":{"line":3,"column":25},"end":{"line":10,"column":1}},"2":{"start":{"line":4,"column":4},"end":{"line":9,"column":5}},"3":{"start":{"line":6,"column":12},"end":{"line":6,"column":36}},"4":{"start":{"line":8,"column":12},"end":{"line":8,"column":25}}},"fnMap":{"0":{"name":"(anonymous_0)","decl":{"start":{"line":3,"column":25},"end":{"line":3,"column":26}},"loc":{"start":{"line":3,"column":75},"end":{"line":10,"column":1}},"line":3}},"branchMap":{"0":{"loc":{"start":{"line":3,"column":26},"end":{"line":3,"column":62}},"type":"default-arg","locations":[{"start":{"line":3,"column":34},"end":{"line":3,"column":62}}],"line":3},"1":{"loc":{"start":{"line":4,"column":4},"end":{"line":9,"column":5}},"type":"switch","locations":[{"start":{"line":5,"column":8},"end":{"line":6,"column":36}},{"start":{"line":7,"column":8},"end":{"line":8,"column":25}}],"line":4}},"s":{"0":1,"1":1,"2":2,"3":1,"4":1},"f":{"0":2},"b":{"0":[2],"1":[1,1]},"_coverageSchema":"332fd63041d2c1bcb487cc26dd0d5f7d97098a6c","hash":"6256e6e2e873a3b1287cffa2b0e2a29ddfe9da23"}
,"C:\\BusinessBusiness\\tammy\\src\\reducers\\user.js": {"path":"C:\\BusinessBusiness\\tammy\\src\\reducers\\user.js","statementMap":{"0":{"start":{"line":1,"column":32},"end":{"line":1,"column":36}},"1":{"start":{"line":3,"column":20},"end":{"line":17,"column":1}},"2":{"start":{"line":4,"column":4},"end":{"line":16,"column":5}},"3":{"start":{"line":6,"column":12},"end":{"line":6,"column":31}},"4":{"start":{"line":8,"column":12},"end":{"line":8,"column":24}},"5":{"start":{"line":10,"column":12},"end":{"line":13,"column":13}},"6":{"start":{"line":15,"column":12},"end":{"line":15,"column":25}}},"fnMap":{"0":{"name":"(anonymous_0)","decl":{"start":{"line":3,"column":20},"end":{"line":3,"column":21}},"loc":{"start":{"line":3,"column":65},"end":{"line":17,"column":1}},"line":3}},"branchMap":{"0":{"loc":{"start":{"line":3,"column":21},"end":{"line":3,"column":52}},"type":"default-arg","locations":[{"start":{"line":3,"column":29},"end":{"line":3,"column":52}}],"line":3},"1":{"loc":{"start":{"line":4,"column":4},"end":{"line":16,"column":5}},"type":"switch","locations":[{"start":{"line":5,"column":8},"end":{"line":6,"column":31}},{"start":{"line":7,"column":8},"end":{"line":8,"column":24}},{"start":{"line":9,"column":8},"end":{"line":13,"column":13}},{"start":{"line":14,"column":8},"end":{"line":15,"column":25}}],"line":4}},"s":{"0":1,"1":1,"2":4,"3":1,"4":1,"5":1,"6":1},"f":{"0":4},"b":{"0":[3],"1":[1,1,1,1]},"_coverageSchema":"332fd63041d2c1bcb487cc26dd0d5f7d97098a6c","hash":"b5266437fa98d533da17efaceba74535f73161a6"}
,"C:\\BusinessBusiness\\tammy\\src\\reducers\\filters\\positions.js": {"path":"C:\\BusinessBusiness\\tammy\\src\\reducers\\filters\\positions.js","statementMap":{"0":{"start":{"line":2,"column":0},"end":{"line":4,"column":1}},"1":{"start":{"line":6,"column":31},"end":{"line":21,"column":1}},"2":{"start":{"line":7,"column":4},"end":{"line":20,"column":5}},"3":{"start":{"line":9,"column":12},"end":{"line":12,"column":14}},"4":{"start":{"line":14,"column":12},"end":{"line":17,"column":14}},"5":{"start":{"line":19,"column":12},"end":{"line":19,"column":25}}},"fnMap":{"0":{"name":"(anonymous_0)","decl":{"start":{"line":6,"column":31},"end":{"line":6,"column":32}},"loc":{"start":{"line":6,"column":87},"end":{"line":21,"column":1}},"line":6}},"branchMap":{"0":{"loc":{"start":{"line":6,"column":32},"end":{"line":6,"column":74}},"type":"default-arg","locations":[{"start":{"line":6,"column":40},"end":{"line":6,"column":74}}],"line":6},"1":{"loc":{"start":{"line":7,"column":4},"end":{"line":20,"column":5}},"type":"switch","locations":[{"start":{"line":8,"column":8},"end":{"line":12,"column":14}},{"start":{"line":13,"column":8},"end":{"line":17,"column":14}},{"start":{"line":18,"column":8},"end":{"line":19,"column":25}}],"line":7}},"s":{"0":1,"1":1,"2":3,"3":1,"4":1,"5":1},"f":{"0":3},"b":{"0":[2],"1":[1,1,1]},"_coverageSchema":"332fd63041d2c1bcb487cc26dd0d5f7d97098a6c","hash":"b44908f3c76779ebb6d7e64a4a94f45cb83140f7"}
,"C:\\BusinessBusiness\\tammy\\src\\routers\\AppRouter.js": {"path":"C:\\BusinessBusiness\\tammy\\src\\routers\\AppRouter.js","statementMap":{"0":{"start":{"line":1,"column":0},"end":{"line":null,"column":-1}},"1":{"start":{"line":2,"column":0},"end":{"line":null,"column":-1}},"2":{"start":{"line":3,"column":0},"end":{"line":null,"column":-1}},"3":{"start":{"line":4,"column":0},"end":{"line":null,"column":-1}},"4":{"start":{"line":6,"column":0},"end":{"line":null,"column":-1}},"5":{"start":{"line":7,"column":0},"end":{"line":null,"column":-1}},"6":{"start":{"line":9,"column":0},"end":{"line":null,"column":-1}},"7":{"start":{"line":10,"column":0},"end":{"line":null,"column":-1}},"8":{"start":{"line":11,"column":0},"end":{"line":null,"column":-1}},"9":{"start":{"line":12,"column":0},"end":{"line":null,"column":-1}},"10":{"start":{"line":13,"column":0},"end":{"line":null,"column":-1}},"11":{"start":{"line":14,"column":0},"end":{"line":null,"column":-1}},"12":{"start":{"line":16,"column":0},"end":{"line":null,"column":-1}},"13":{"start":{"line":18,"column":18},"end":{"line":18,"column":0}},"14":{"start":{"line":18,"column":18},"end":{"line":null,"column":-1}},"15":{"start":{"line":35,"column":24},"end":{"line":35,"column":0}},"16":{"start":{"line":35,"column":24},"end":{"line":null,"column":-1}},"17":{"start":{"line":41,"column":0},"end":{"line":null,"column":-1}}},"fnMap":{"0":{"name":"AppRouter","decl":{"start":{"line":18,"column":6},"end":{"line":18,"column":18}},"loc":{"start":{"line":18,"column":18},"end":{"line":18,"column":0}}},"1":{"name":"mapStateToProps","decl":{"start":{"line":35,"column":6},"end":{"line":35,"column":24}},"loc":{"start":{"line":35,"column":24},"end":{"line":35,"column":0}}}},"branchMap":{},"s":{"0":0,"1":0,"2":0,"3":0,"4":0,"5":0,"6":0,"7":0,"8":0,"9":0,"10":0,"11":0,"12":0,"13":0,"14":0,"15":0,"16":0,"17":0},"f":{"0":0,"1":0},"b":{}}
,"C:\\BusinessBusiness\\tammy\\src\\routers\\PrivateRoute.js": {"path":"C:\\BusinessBusiness\\tammy\\src\\routers\\PrivateRoute.js","statementMap":{"0":{"start":{"line":1,"column":0},"end":{"line":null,"column":-1}},"1":{"start":{"line":2,"column":0},"end":{"line":null,"column":-1}},"2":{"start":{"line":3,"column":0},"end":{"line":null,"column":-1}},"3":{"start":{"line":4,"column":0},"end":{"line":null,"column":-1}},"4":{"start":{"line":5,"column":0},"end":{"line":null,"column":-1}},"5":{"start":{"line":6,"column":0},"end":{"line":null,"column":-1}},"6":{"start":{"line":8,"column":28},"end":{"line":8,"column":7}},"7":{"start":{"line":8,"column":28},"end":{"line":8,"column":27}},"8":{"start":{"line":8,"column":28},"end":{"line":null,"column":-1}},"9":{"start":{"line":13,"column":37},"end":{"line":null,"column":-1}},"10":{"start":{"line":26,"column":0},"end":{"line":null,"column":-1}},"11":{"start":{"line":31,"column":24},"end":{"line":31,"column":0}},"12":{"start":{"line":31,"column":24},"end":{"line":null,"column":-1}}},"fnMap":{"0":{"name":"PrivateRoute","decl":{"start":{"line":8,"column":13},"end":{"line":8,"column":28}},"loc":{"start":{"line":8,"column":28},"end":{"line":8,"column":7}}},"1":{"name":"component","decl":{"start":{"line":13,"column":37},"end":{"line":null,"column":-1}},"loc":{"start":{"line":13,"column":37},"end":{"line":13,"column":8}}},"2":{"name":"mapStateToProps","decl":{"start":{"line":31,"column":6},"end":{"line":31,"column":24}},"loc":{"start":{"line":31,"column":24},"end":{"line":31,"column":0}}}},"branchMap":{"0":{"loc":{"start":{"line":15,"column":16},"end":{"line":14,"column":12}},"type":"cond-expr","locations":[{"start":{"line":15,"column":16},"end":{"line":14,"column":12}},{"start":{"line":21,"column":20},"end":{"line":13,"column":37}}]}},"s":{"0":0,"1":0,"2":0,"3":0,"4":0,"5":0,"6":0,"7":0,"8":0,"9":0,"10":0,"11":0,"12":0},"f":{"0":0,"1":0,"2":0},"b":{"0":[0,0]}}
,"C:\\BusinessBusiness\\tammy\\src\\routers\\PublicRoute.js": {"path":"C:\\BusinessBusiness\\tammy\\src\\routers\\PublicRoute.js","statementMap":{"0":{"start":{"line":1,"column":0},"end":{"line":null,"column":-1}},"1":{"start":{"line":2,"column":0},"end":{"line":null,"column":-1}},"2":{"start":{"line":3,"column":0},"end":{"line":null,"column":-1}},"3":{"start":{"line":4,"column":0},"end":{"line":null,"column":-1}},"4":{"start":{"line":5,"column":0},"end":{"line":null,"column":-1}},"5":{"start":{"line":6,"column":0},"end":{"line":null,"column":-1}},"6":{"start":{"line":8,"column":27},"end":{"line":8,"column":7}},"7":{"start":{"line":8,"column":27},"end":{"line":8,"column":26}},"8":{"start":{"line":8,"column":27},"end":{"line":null,"column":-1}},"9":{"start":{"line":13,"column":37},"end":{"line":null,"column":-1}},"10":{"start":{"line":26,"column":0},"end":{"line":null,"column":-1}},"11":{"start":{"line":31,"column":24},"end":{"line":31,"column":0}},"12":{"start":{"line":31,"column":24},"end":{"line":null,"column":-1}}},"fnMap":{"0":{"name":"PublicRoute","decl":{"start":{"line":8,"column":13},"end":{"line":8,"column":27}},"loc":{"start":{"line":8,"column":27},"end":{"line":8,"column":7}}},"1":{"name":"component","decl":{"start":{"line":13,"column":37},"end":{"line":null,"column":-1}},"loc":{"start":{"line":13,"column":37},"end":{"line":13,"column":8}}},"2":{"name":"mapStateToProps","decl":{"start":{"line":31,"column":6},"end":{"line":31,"column":24}},"loc":{"start":{"line":31,"column":24},"end":{"line":31,"column":0}}}},"branchMap":{"0":{"loc":{"start":{"line":15,"column":16},"end":{"line":14,"column":12}},"type":"cond-expr","locations":[{"start":{"line":15,"column":16},"end":{"line":14,"column":12}},{"start":{"line":17,"column":20},"end":{"line":13,"column":37}}]}},"s":{"0":0,"1":0,"2":0,"3":0,"4":0,"5":0,"6":0,"7":0,"8":0,"9":0,"10":0,"11":0,"12":0},"f":{"0":0,"1":0,"2":0},"b":{"0":[0,0]}}
,"C:\\BusinessBusiness\\tammy\\src\\selectors\\positions.js": {"path":"C:\\BusinessBusiness\\tammy\\src\\selectors\\positions.js","statementMap":{"0":{"start":{"line":2,"column":45},"end":{"line":7,"column":10}},"1":{"start":{"line":4,"column":31},"end":{"line":4,"column":88}},"2":{"start":{"line":5,"column":31},"end":{"line":5,"column":88}},"3":{"start":{"line":6,"column":12},"end":{"line":6,"column":44}}},"fnMap":{"0":{"name":"(anonymous_0)","decl":{"start":{"line":2,"column":15},"end":{"line":2,"column":16}},"loc":{"start":{"line":2,"column":45},"end":{"line":7,"column":10}},"line":2},"1":{"name":"(anonymous_1)","decl":{"start":{"line":3,"column":16},"end":{"line":3,"column":17}},"loc":{"start":{"line":3,"column":30},"end":{"line":7,"column":9}},"line":3}},"branchMap":{"0":{"loc":{"start":{"line":2,"column":29},"end":{"line":2,"column":38}},"type":"default-arg","locations":[{"start":{"line":2,"column":36},"end":{"line":2,"column":38}}],"line":2},"1":{"loc":{"start":{"line":6,"column":19},"end":{"line":6,"column":43}},"type":"binary-expr","locations":[{"start":{"line":6,"column":19},"end":{"line":6,"column":29}},{"start":{"line":6,"column":33},"end":{"line":6,"column":43}}],"line":6}},"s":{"0":7,"1":12,"2":12,"3":12},"f":{"0":7,"1":12},"b":{"0":[1],"1":[12,6]},"_coverageSchema":"332fd63041d2c1bcb487cc26dd0d5f7d97098a6c","hash":"3378ef981968b05bb7e46ba9353cd384bd6ede09"}
,"C:\\BusinessBusiness\\tammy\\src\\store\\configureStore.js": {"path":"C:\\BusinessBusiness\\tammy\\src\\store\\configureStore.js","statementMap":{"0":{"start":{"line":1,"column":0},"end":{"line":null,"column":-1}},"1":{"start":{"line":2,"column":0},"end":{"line":null,"column":-1}},"2":{"start":{"line":3,"column":0},"end":{"line":null,"column":-1}},"3":{"start":{"line":4,"column":0},"end":{"line":null,"column":-1}},"4":{"start":{"line":5,"column":0},"end":{"line":null,"column":-1}},"5":{"start":{"line":6,"column":0},"end":{"line":null,"column":-1}},"6":{"start":{"line":7,"column":0},"end":{"line":null,"column":-1}},"7":{"start":{"line":9,"column":25},"end":{"line":9,"column":0}},"8":{"start":{"line":12,"column":18},"end":{"line":12,"column":4}},"9":{"start":{"line":25,"column":4},"end":{"line":null,"column":-1}}},"fnMap":{},"branchMap":{"0":{"loc":{"start":{"line":9,"column":25},"end":{"line":9,"column":24}},"type":"binary-expr","locations":[{"start":{"line":9,"column":25},"end":{"line":9,"column":24}},{"start":{"line":9,"column":72},"end":{"line":9,"column":0}}]}},"s":{"0":0,"1":0,"2":0,"3":0,"4":0,"5":0,"6":0,"7":0,"8":0,"9":0},"f":{},"b":{"0":[0,0]}}
,"C:\\BusinessBusiness\\tammy\\src\\tools\\analytics.js": {"path":"C:\\BusinessBusiness\\tammy\\src\\tools\\analytics.js","statementMap":{"0":{"start":{"line":1,"column":0},"end":{"line":null,"column":-1}},"1":{"start":{"line":2,"column":0},"end":{"line":null,"column":-1}},"2":{"start":{"line":4,"column":24},"end":{"line":4,"column":0}},"3":{"start":{"line":10,"column":13},"end":{"line":10,"column":7}},"4":{"start":{"line":11,"column":4},"end":{"line":null,"column":-1}},"5":{"start":{"line":14,"column":13},"end":{"line":14,"column":7}},"6":{"start":{"line":14,"column":70},"end":{"line":14,"column":69}},"7":{"start":{"line":15,"column":4},"end":{"line":null,"column":-1}},"8":{"start":{"line":18,"column":13},"end":{"line":18,"column":7}},"9":{"start":{"line":19,"column":4},"end":{"line":null,"column":-1}},"10":{"start":{"line":24,"column":13},"end":{"line":24,"column":7}},"11":{"start":{"line":25,"column":4},"end":{"line":null,"column":-1}},"12":{"start":{"line":28,"column":13},"end":{"line":28,"column":7}},"13":{"start":{"line":29,"column":4},"end":{"line":null,"column":-1}},"14":{"start":{"line":34,"column":13},"end":{"line":34,"column":7}},"15":{"start":{"line":35,"column":4},"end":{"line":null,"column":-1}}},"fnMap":{"0":{"name":"initializeAnalytics","decl":{"start":{"line":10,"column":13},"end":{"line":10,"column":35}},"loc":{"start":{"line":10,"column":41},"end":{"line":10,"column":7}}},"1":{"name":"handlePageView","decl":{"start":{"line":14,"column":13},"end":{"line":14,"column":30}},"loc":{"start":{"line":14,"column":70},"end":{"line":14,"column":7}}},"2":{"name":"handleContainerView","decl":{"start":{"line":18,"column":13},"end":{"line":18,"column":35}},"loc":{"start":{"line":18,"column":55},"end":{"line":18,"column":7}}},"3":{"name":"handleModalView","decl":{"start":{"line":24,"column":13},"end":{"line":24,"column":31}},"loc":{"start":{"line":24,"column":48},"end":{"line":24,"column":7}}},"4":{"name":"handleEvent","decl":{"start":{"line":28,"column":13},"end":{"line":28,"column":27}},"loc":{"start":{"line":28,"column":38},"end":{"line":28,"column":7}}},"5":{"name":"handleTestEvent","decl":{"start":{"line":34,"column":13},"end":{"line":34,"column":31}},"loc":{"start":{"line":34,"column":37},"end":{"line":34,"column":7}}}},"branchMap":{"0":{"loc":{"start":{"line":14,"column":70},"end":{"line":14,"column":40}},"type":"cond-expr","locations":[{"start":{"line":14,"column":70},"end":{"line":14,"column":40}},{"start":{"line":14,"column":41},"end":{"line":14,"column":70}}]},"1":{"loc":{"start":{"line":14,"column":70},"end":{"line":14,"column":40}},"type":"binary-expr","locations":[{"start":{"line":14,"column":70},"end":{"line":14,"column":40}},{"start":{"line":14,"column":70},"end":{"line":14,"column":40}}]}},"s":{"0":0,"1":0,"2":0,"3":0,"4":0,"5":0,"6":0,"7":0,"8":0,"9":0,"10":0,"11":0,"12":0,"13":0,"14":0,"15":0},"f":{"0":0,"1":0,"2":0,"3":0,"4":0,"5":0},"b":{"0":[0,0],"1":[0,0]}}
,"C:\\BusinessBusiness\\tammy\\src\\tools\\analytics_events.js": {"path":"C:\\BusinessBusiness\\tammy\\src\\tools\\analytics_events.js","statementMap":{"0":{"start":{"line":1,"column":0},"end":{"line":null,"column":-1}},"1":{"start":{"line":3,"column":13},"end":{"line":3,"column":7}},"2":{"start":{"line":8,"column":13},"end":{"line":8,"column":7}},"3":{"start":{"line":13,"column":13},"end":{"line":13,"column":7}}},"fnMap":{},"branchMap":{},"s":{"0":0,"1":0,"2":0,"3":0},"f":{},"b":{}}
,"C:\\BusinessBusiness\\tammy\\src\\tools\\constants.js": {"path":"C:\\BusinessBusiness\\tammy\\src\\tools\\constants.js","statementMap":{"0":{"start":{"line":1,"column":35},"end":{"line":4,"column":1}},"1":{"start":{"line":6,"column":32},"end":{"line":11,"column":1}},"2":{"start":{"line":13,"column":31},"end":{"line":16,"column":1}},"3":{"start":{"line":18,"column":40},"end":{"line":18,"column":58}}},"fnMap":{},"branchMap":{},"s":{"0":6,"1":6,"2":6,"3":6},"f":{},"b":{},"_coverageSchema":"332fd63041d2c1bcb487cc26dd0d5f7d97098a6c","hash":"40581bb826661eeb337e9cc9ba16194cebc19bd6"}
,"C:\\BusinessBusiness\\tammy\\src\\tools\\email.js": {"path":"C:\\BusinessBusiness\\tammy\\src\\tools\\email.js","statementMap":{"0":{"start":{"line":3,"column":28},"end":{"line":3,"column":68}},"1":{"start":{"line":3,"column":46},"end":{"line":3,"column":68}}},"fnMap":{"0":{"name":"(anonymous_0)","decl":{"start":{"line":3,"column":28},"end":{"line":3,"column":29}},"loc":{"start":{"line":3,"column":46},"end":{"line":3,"column":68}},"line":3}},"branchMap":{},"s":{"0":4,"1":6},"f":{"0":6},"b":{},"_coverageSchema":"332fd63041d2c1bcb487cc26dd0d5f7d97098a6c","hash":"30af8ab8952ea27e8ebb6c9d258f2c3a5399b905"}
,"C:\\BusinessBusiness\\tammy\\src\\tools\\history.js": {"path":"C:\\BusinessBusiness\\tammy\\src\\tools\\history.js","statementMap":{"0":{"start":{"line":3,"column":23},"end":{"line":3,"column":38}}},"fnMap":{},"branchMap":{},"s":{"0":3},"f":{},"b":{},"_coverageSchema":"332fd63041d2c1bcb487cc26dd0d5f7d97098a6c","hash":"c7676ffa3e560a260c691ba4b7bbb59b9cd69b1d"}
}
