TN:
SF:C:\BusinessBusiness\tammy\src\app.js
FN:24,renderApp
FN:33,(anonymous_2)
FN:34,(anonymous_3)
FN:37,(anonymous_4)
FNF:4
FNH:0
FNDA:0,renderApp
FNDA:0,(anonymous_2)
FNDA:0,(anonymous_3)
FNDA:0,(anonymous_4)
DA:1,0
DA:2,0
DA:3,0
DA:4,0
DA:5,0
DA:6,0
DA:8,0
DA:9,0
DA:10,0
DA:11,0
DA:12,0
DA:13,0
DA:15,0
DA:18,0
DA:23,0
DA:24,0
DA:25,0
DA:26,0
DA:27,0
DA:31,0
DA:33,0
DA:34,0
DA:35,0
DA:36,0
DA:37,0
DA:38,0
DA:41,0
DA:42,0
LF:28
LH:0
BRDA:25,0,0,0
BRDA:25,0,1,0
BRDA:35,1,0,0
BRDA:35,1,1,0
BRF:4
BRH:0
end_of_record
TN:
SF:C:\BusinessBusiness\tammy\src\config.js
FNF:0
FNH:0
DA:1,0
LF:1
LH:0
BRF:0
BRH:0
end_of_record
TN:
SF:C:\BusinessBusiness\tammy\src\actions\auth.js
FN:4,(anonymous_0)
FN:4,(anonymous_1)
FN:6,(anonymous_2)
FN:11,(anonymous_3)
FN:11,(anonymous_4)
FN:12,(anonymous_5)
FNF:6
FNH:6
FNDA:3,(anonymous_0)
FNDA:3,(anonymous_1)
FNDA:3,(anonymous_2)
FNDA:2,(anonymous_3)
FNDA:2,(anonymous_4)
FNDA:2,(anonymous_5)
DA:4,3
DA:5,3
DA:7,3
DA:11,3
DA:12,2
LF:5
LH:5
BRDA:4,0,0,2
BRF:1
BRH:1
end_of_record
TN:
SF:C:\BusinessBusiness\tammy\src\actions\position.js
FN:3,(anonymous_0)
FN:3,(anonymous_1)
FN:5,(anonymous_2)
FN:9,(anonymous_3)
FN:9,(anonymous_4)
FNF:5
FNH:5
FNDA:1,(anonymous_0)
FNDA:1,(anonymous_1)
FNDA:1,(anonymous_2)
FNDA:1,(anonymous_3)
FNDA:1,(anonymous_4)
DA:3,5
DA:4,1
DA:5,1
DA:6,1
DA:9,5
LF:5
LH:5
BRF:0
BRH:0
end_of_record
TN:
SF:C:\BusinessBusiness\tammy\src\actions\positions.js
FN:4,(anonymous_0)
FN:4,(anonymous_1)
FN:5,(anonymous_2)
FN:7,(anonymous_3)
FNF:4
FNH:4
FNDA:1,(anonymous_0)
FNDA:1,(anonymous_1)
FNDA:1,(anonymous_2)
FNDA:2,(anonymous_3)
DA:4,1
DA:5,1
DA:6,1
DA:7,1
DA:8,2
DA:14,1
LF:6
LH:6
BRF:0
BRH:0
end_of_record
TN:
SF:C:\BusinessBusiness\tammy\src\actions\user.js
FN:4,(anonymous_0)
FN:4,(anonymous_1)
FN:7,(anonymous_2)
FN:16,(anonymous_3)
FN:16,(anonymous_4)
FN:19,(anonymous_5)
FN:24,(anonymous_6)
FN:24,(anonymous_7)
FNF:8
FNH:8
FNDA:1,(anonymous_0)
FNDA:1,(anonymous_1)
FNDA:1,(anonymous_2)
FNDA:1,(anonymous_3)
FNDA:1,(anonymous_4)
FNDA:1,(anonymous_5)
FNDA:1,(anonymous_6)
FNDA:1,(anonymous_7)
DA:4,4
DA:5,1
DA:7,1
DA:8,1
DA:16,4
DA:17,1
DA:19,1
DA:20,1
DA:24,4
LF:9
LH:9
BRF:0
BRH:0
end_of_record
TN:
SF:C:\BusinessBusiness\tammy\src\actions\filters\positionsText.js
FN:1,(anonymous_0)
FN:6,(anonymous_1)
FNF:2
FNH:2
FNDA:1,(anonymous_0)
FNDA:1,(anonymous_1)
DA:1,4
DA:6,4
LF:2
LH:2
BRDA:1,0,0,0
BRF:1
BRH:0
end_of_record
TN:
SF:C:\BusinessBusiness\tammy\src\actions\helpers\auth.js
FN:1,(anonymous_0)
FN:6,(anonymous_1)
FNF:2
FNH:2
FNDA:1,(anonymous_0)
FNDA:1,(anonymous_1)
DA:1,1
DA:6,1
LF:2
LH:2
BRF:0
BRH:0
end_of_record
TN:
SF:C:\BusinessBusiness\tammy\src\actions\helpers\position.js
FN:1,(anonymous_0)
FN:6,(anonymous_1)
FNF:2
FNH:2
FNDA:2,(anonymous_0)
FNDA:2,(anonymous_1)
DA:1,6
DA:6,6
LF:2
LH:2
BRF:0
BRH:0
end_of_record
TN:
SF:C:\BusinessBusiness\tammy\src\actions\helpers\positions.js
FN:1,(anonymous_0)
FNF:1
FNH:1
FNDA:2,(anonymous_0)
DA:1,2
LF:1
LH:1
BRF:0
BRH:0
end_of_record
TN:
SF:C:\BusinessBusiness\tammy\src\actions\helpers\user.js
FN:1,(anonymous_0)
FN:6,(anonymous_1)
FN:12,(anonymous_2)
FNF:3
FNH:3
FNDA:2,(anonymous_0)
FNDA:2,(anonymous_1)
FNDA:2,(anonymous_2)
DA:1,5
DA:6,5
DA:12,5
LF:3
LH:3
BRF:0
BRH:0
end_of_record
TN:
SF:C:\BusinessBusiness\tammy\src\components\__templates__\__templateClass.js
FN:5,TemplatePage
FNF:1
FNH:0
FNDA:0,TemplatePage
DA:1,0
DA:2,0
DA:5,0
DA:10,0
DA:14,0
LF:5
LH:0
BRDA:5,0,0,0
BRDA:5,0,1,0
BRF:2
BRH:0
end_of_record
TN:
SF:C:\BusinessBusiness\tammy\src\components\__templates__\__templateSection.js
FN:3,TemplateSection
FNF:1
FNH:0
FNDA:0,TemplateSection
DA:1,0
DA:3,0
LF:2
LH:0
BRF:0
BRH:0
end_of_record
TN:
SF:C:\BusinessBusiness\tammy\src\components\core\DashboardPage.js
FN:3,(anonymous_0)
FNF:1
FNH:1
FNDA:1,(anonymous_0)
DA:3,1
DA:4,1
LF:2
LH:2
BRF:0
BRH:0
end_of_record
TN:
SF:C:\BusinessBusiness\tammy\src\components\core\Footer.js
FN:3,(anonymous_0)
FNF:1
FNH:1
FNDA:1,(anonymous_0)
DA:3,1
DA:4,1
LF:2
LH:2
BRF:0
BRH:0
end_of_record
TN:
SF:C:\BusinessBusiness\tammy\src\components\core\LoadingPage.js
FN:3,(anonymous_0)
FNF:1
FNH:1
FNDA:1,(anonymous_0)
DA:3,5
DA:4,1
LF:2
LH:2
BRF:0
BRH:0
end_of_record
TN:
SF:C:\BusinessBusiness\tammy\src\components\core\LoggedOutPage.js
FN:4,(anonymous_0)
FNF:1
FNH:1
FNDA:1,(anonymous_0)
DA:4,1
DA:5,1
LF:2
LH:2
BRF:0
BRH:0
end_of_record
TN:
SF:C:\BusinessBusiness\tammy\src\components\core\LoginPage.js
FN:6,(anonymous_0)
FN:23,(anonymous_1)
FN:24,(anonymous_2)
FNF:3
FNH:1
FNDA:2,(anonymous_0)
FNDA:0,(anonymous_1)
FNDA:0,(anonymous_2)
DA:6,1
DA:7,2
DA:19,1
DA:23,1
DA:24,0
LF:5
LH:4
BRF:0
BRH:0
end_of_record
TN:
SF:C:\BusinessBusiness\tammy\src\components\core\Navbar.js
FN:15,(anonymous_0)
FN:22,(anonymous_1)
FN:25,(anonymous_2)
FN:30,(anonymous_3)
FN:33,(anonymous_4)
FN:38,(anonymous_5)
FN:44,(anonymous_6)
FN:92,(anonymous_7)
FN:93,(anonymous_8)
FN:94,(anonymous_9)
FNF:10
FNH:7
FNDA:16,(anonymous_0)
FNDA:3,(anonymous_1)
FNDA:3,(anonymous_2)
FNDA:3,(anonymous_3)
FNDA:3,(anonymous_4)
FNDA:3,(anonymous_5)
FNDA:25,(anonymous_6)
FNDA:0,(anonymous_7)
FNDA:0,(anonymous_8)
FNDA:0,(anonymous_9)
DA:10,1
DA:11,1
DA:12,1
DA:16,16
DA:17,16
DA:23,3
DA:24,3
DA:25,3
DA:31,3
DA:32,3
DA:33,3
DA:39,3
DA:40,3
DA:41,3
DA:45,25
DA:86,1
DA:92,1
DA:93,0
DA:94,0
LF:19
LH:17
BRDA:49,0,0,25
BRDA:49,0,1,19
BRDA:58,1,0,25
BRDA:58,1,1,6
BRDA:67,2,0,25
BRDA:67,2,1,24
BRDA:75,3,0,25
BRDA:75,3,1,1
BRF:8
BRH:8
end_of_record
TN:
SF:C:\BusinessBusiness\tammy\src\components\core\NotFoundPage.js
FN:3,(anonymous_0)
FNF:1
FNH:1
FNDA:1,(anonymous_0)
DA:3,1
DA:4,1
LF:2
LH:2
BRF:0
BRH:0
end_of_record
TN:
SF:C:\BusinessBusiness\tammy\src\components\position\PositionContainer.js
FN:11,(anonymous_0)
FN:15,(anonymous_1)
FN:38,(anonymous_2)
FNF:3
FNH:2
FNDA:3,(anonymous_0)
FNDA:3,(anonymous_1)
FNDA:0,(anonymous_2)
DA:12,3
DA:16,3
DA:17,3
DA:19,3
DA:38,2
DA:46,2
LF:6
LH:6
BRDA:21,0,0,3
BRDA:21,0,1,0
BRDA:22,1,0,3
BRDA:22,1,1,3
BRF:4
BRH:3
end_of_record
TN:
SF:C:\BusinessBusiness\tammy\src\components\position\PositionDetails.js
FN:7,(anonymous_0)
FN:11,(anonymous_1)
FN:43,(anonymous_2)
FNF:3
FNH:2
FNDA:2,(anonymous_0)
FNDA:2,(anonymous_1)
FNDA:0,(anonymous_2)
DA:8,2
DA:12,2
DA:13,2
DA:43,3
DA:50,3
LF:5
LH:5
BRDA:15,0,0,2
BRDA:15,0,1,1
BRDA:20,1,0,2
BRDA:20,1,1,1
BRF:4
BRH:4
end_of_record
TN:
SF:C:\BusinessBusiness\tammy\src\components\position\PositionDetailsContent.js
FN:5,(anonymous_0)
FN:9,(anonymous_1)
FN:21,(anonymous_2)
FN:31,(anonymous_3)
FNF:4
FNH:4
FNDA:1,(anonymous_0)
FNDA:1,(anonymous_1)
FNDA:2,(anonymous_2)
FNDA:2,(anonymous_3)
DA:6,1
DA:10,1
DA:11,1
DA:22,2
DA:32,2
DA:42,4
LF:6
LH:6
BRDA:17,0,0,1
BRDA:17,0,1,1
BRDA:27,1,0,1
BRDA:27,1,1,1
BRF:4
BRH:4
end_of_record
TN:
SF:C:\BusinessBusiness\tammy\src\components\position\PositionList.js
FN:6,(anonymous_0)
FN:10,(anonymous_1)
FN:22,(anonymous_2)
FNF:3
FNH:3
FNDA:2,(anonymous_0)
FNDA:2,(anonymous_1)
FNDA:2,(anonymous_2)
DA:7,2
DA:11,2
DA:12,1
DA:19,1
DA:23,2
DA:33,3
LF:6
LH:6
BRDA:11,0,0,1
BRDA:11,0,1,1
BRF:2
BRH:2
end_of_record
TN:
SF:C:\BusinessBusiness\tammy\src\components\position\PositionListFilter.js
FN:7,(anonymous_0)
FN:11,(anonymous_1)
FN:28,(anonymous_2)
FN:32,(anonymous_3)
FN:33,(anonymous_4)
FNF:5
FNH:2
FNDA:1,(anonymous_0)
FNDA:2,(anonymous_1)
FNDA:0,(anonymous_2)
FNDA:0,(anonymous_3)
FNDA:0,(anonymous_4)
DA:8,1
DA:12,2
DA:28,3
DA:32,3
DA:33,0
DA:38,3
LF:6
LH:5
BRF:0
BRH:0
end_of_record
TN:
SF:C:\BusinessBusiness\tammy\src\components\position\PositionListItem.js
FN:7,(anonymous_0)
FN:11,(anonymous_1)
FN:15,(anonymous_2)
FN:34,(anonymous_3)
FN:35,(anonymous_4)
FNF:5
FNH:3
FNDA:2,(anonymous_0)
FNDA:1,(anonymous_1)
FNDA:2,(anonymous_2)
FNDA:0,(anonymous_3)
FNDA:0,(anonymous_4)
DA:8,2
DA:12,1
DA:16,2
DA:34,4
DA:35,0
DA:40,4
LF:6
LH:5
BRF:0
BRH:0
end_of_record
TN:
SF:C:\BusinessBusiness\tammy\src\components\position\PositionsPage.js
FN:5,(anonymous_0)
FN:9,(anonymous_1)
FN:12,(anonymous_2)
FNF:3
FNH:3
FNDA:1,(anonymous_0)
FNDA:1,(anonymous_1)
FNDA:1,(anonymous_2)
DA:6,1
DA:13,1
LF:2
LH:2
BRF:0
BRH:0
end_of_record
TN:
SF:C:\BusinessBusiness\tammy\src\components\user\UserAddressWidget.js
FN:8,(anonymous_0)
FN:19,(anonymous_1)
FN:36,(anonymous_2)
FN:38,(anonymous_3)
FN:42,(anonymous_4)
FN:44,(anonymous_5)
FN:48,(anonymous_6)
FN:49,(anonymous_7)
FN:54,(anonymous_8)
FN:59,(anonymous_9)
FNF:10
FNH:6
FNDA:16,(anonymous_0)
FNDA:7,(anonymous_1)
FNDA:0,(anonymous_2)
FNDA:0,(anonymous_3)
FNDA:0,(anonymous_4)
FNDA:0,(anonymous_5)
FNDA:7,(anonymous_6)
FNDA:7,(anonymous_7)
FNDA:1,(anonymous_8)
FNDA:24,(anonymous_9)
DA:9,16
DA:10,16
DA:20,7
DA:21,7
DA:23,7
DA:25,0
DA:26,0
DA:28,0
DA:29,0
DA:31,7
DA:32,7
DA:37,0
DA:38,0
DA:43,0
DA:44,0
DA:49,7
DA:55,1
DA:56,1
DA:60,24
DA:153,3
LF:20
LH:12
BRDA:11,0,0,16
BRDA:11,0,1,0
BRDA:12,1,0,16
BRDA:12,1,1,0
BRDA:13,2,0,16
BRDA:13,2,1,0
BRDA:14,3,0,16
BRDA:14,3,1,0
BRDA:15,4,0,16
BRDA:15,4,1,0
BRDA:23,5,0,0
BRDA:23,5,1,0
BRDA:23,5,2,7
BRDA:37,6,0,0
BRDA:37,6,1,0
BRDA:37,7,0,0
BRDA:37,7,1,0
BRDA:43,8,0,0
BRDA:43,8,1,0
BRDA:43,9,0,0
BRDA:43,9,1,0
BRDA:137,10,0,24
BRDA:137,10,1,23
BRDA:140,11,0,23
BRDA:140,11,1,22
BRDA:140,11,2,22
BRDA:140,11,3,22
BRF:27
BRH:12
end_of_record
TN:
SF:C:\BusinessBusiness\tammy\src\components\user\UserContactInfoWidget.js
FN:9,(anonymous_0)
FN:21,(anonymous_1)
FN:27,(anonymous_2)
FN:41,(anonymous_3)
FN:69,(anonymous_4)
FN:75,(anonymous_5)
FNF:6
FNH:6
FNDA:22,(anonymous_0)
FNDA:1,(anonymous_1)
FNDA:4,(anonymous_2)
FNDA:12,(anonymous_3)
FNDA:1,(anonymous_4)
FNDA:36,(anonymous_5)
DA:10,22
DA:11,22
DA:22,1
DA:24,1
DA:28,4
DA:29,4
DA:31,4
DA:32,2
DA:33,2
DA:36,2
DA:37,2
DA:42,12
DA:43,12
DA:45,12
DA:46,4
DA:49,8
DA:52,4
DA:53,2
DA:55,4
DA:57,2
DA:58,1
DA:60,2
DA:62,2
DA:63,1
DA:65,2
DA:71,1
DA:72,1
DA:76,36
DA:167,3
LF:29
LH:29
BRDA:12,0,0,22
BRDA:12,0,1,0
BRDA:13,1,0,22
BRDA:13,1,1,0
BRDA:14,2,0,22
BRDA:14,2,1,0
BRDA:15,3,0,22
BRDA:15,3,1,0
BRDA:16,4,0,22
BRDA:16,4,1,0
BRDA:17,5,0,22
BRDA:17,5,1,0
BRDA:31,6,0,2
BRDA:31,6,1,2
BRDA:31,7,0,4
BRDA:31,7,1,4
BRDA:45,8,0,4
BRDA:45,8,1,8
BRDA:49,9,0,2
BRDA:49,9,1,4
BRDA:49,9,2,2
BRDA:49,9,3,2
BRDA:52,10,0,2
BRDA:52,10,1,2
BRDA:57,11,0,1
BRDA:57,11,1,1
BRDA:62,12,0,1
BRDA:62,12,1,1
BRDA:152,13,0,36
BRDA:152,13,1,35
BRF:30
BRH:24
end_of_record
TN:
SF:C:\BusinessBusiness\tammy\src\components\user\UserNameWidget.js
FN:8,(anonymous_0)
FN:18,(anonymous_1)
FN:22,(anonymous_2)
FN:27,(anonymous_3)
FN:34,(anonymous_4)
FNF:5
FNH:5
FNDA:13,(anonymous_0)
FNDA:4,(anonymous_1)
FNDA:4,(anonymous_2)
FNDA:3,(anonymous_3)
FNDA:23,(anonymous_4)
DA:9,13
DA:10,13
DA:19,4
DA:20,4
DA:22,4
DA:28,3
DA:29,3
DA:30,3
DA:31,3
DA:35,23
DA:118,3
LF:11
LH:11
BRDA:11,0,0,13
BRDA:11,0,1,0
BRDA:12,1,0,13
BRDA:12,1,1,0
BRDA:13,2,0,13
BRDA:13,2,1,0
BRDA:14,3,0,13
BRDA:14,3,1,0
BRDA:28,4,0,1
BRDA:28,4,1,2
BRDA:103,5,0,23
BRDA:103,5,1,22
BRDA:105,6,0,22
BRDA:105,6,1,21
BRF:14
BRH:10
end_of_record
TN:
SF:C:\BusinessBusiness\tammy\src\components\user\UserProfileContainer.js
FN:11,(anonymous_0)
FN:15,(anonymous_1)
FN:19,(anonymous_2)
FN:56,(anonymous_3)
FN:60,(anonymous_4)
FN:61,(anonymous_5)
FNF:6
FNH:3
FNDA:5,(anonymous_0)
FNDA:3,(anonymous_1)
FNDA:5,(anonymous_2)
FNDA:0,(anonymous_3)
FNDA:0,(anonymous_4)
FNDA:0,(anonymous_5)
DA:12,5
DA:16,3
DA:20,5
DA:56,2
DA:60,2
DA:61,0
DA:66,2
LF:7
LH:6
BRDA:22,0,0,5
BRDA:22,0,1,1
BRDA:23,1,0,5
BRDA:23,1,1,4
BRF:4
BRH:4
end_of_record
TN:
SF:C:\BusinessBusiness\tammy\src\components\user\UserProfilePage.js
FN:5,(anonymous_0)
FN:9,(anonymous_1)
FN:12,(anonymous_2)
FNF:3
FNH:3
FNDA:1,(anonymous_0)
FNDA:1,(anonymous_1)
FNDA:1,(anonymous_2)
DA:6,1
DA:13,1
LF:2
LH:2
BRF:0
BRH:0
end_of_record
TN:
SF:C:\BusinessBusiness\tammy\src\components\user\tools\inputs.js
FN:4,(anonymous_0)
FN:9,(anonymous_1)
FN:21,(anonymous_2)
FNF:3
FNH:3
FNDA:4,(anonymous_0)
FNDA:2,(anonymous_1)
FNDA:4,(anonymous_2)
DA:5,4
DA:6,4
DA:10,2
DA:11,2
DA:13,2
DA:14,1
DA:17,1
DA:22,4
DA:23,2
DA:26,2
LF:10
LH:10
BRDA:13,0,0,1
BRDA:13,0,1,1
BRDA:21,1,0,2
BRDA:22,2,0,2
BRDA:22,2,1,2
BRF:5
BRH:5
end_of_record
TN:
SF:C:\BusinessBusiness\tammy\src\firebase\firebase.js
FNF:0
FNH:0
DA:3,7
DA:12,7
DA:14,7
DA:15,7
LF:4
LH:4
BRF:0
BRH:0
end_of_record
TN:
SF:C:\BusinessBusiness\tammy\src\reducers\auth.js
FN:1,(anonymous_0)
FNF:1
FNH:1
FNDA:3,(anonymous_0)
DA:2,3
DA:4,1
DA:8,1
DA:10,1
LF:4
LH:4
BRDA:1,0,0,3
BRDA:2,1,0,1
BRDA:2,1,1,1
BRDA:2,1,2,1
BRF:4
BRH:4
end_of_record
TN:
SF:C:\BusinessBusiness\tammy\src\reducers\position.js
FN:3,(anonymous_0)
FNF:1
FNH:1
FNDA:3,(anonymous_0)
DA:1,1
DA:3,1
DA:4,3
DA:6,1
DA:8,1
DA:10,1
LF:6
LH:6
BRDA:3,0,0,2
BRDA:4,1,0,1
BRDA:4,1,1,1
BRDA:4,1,2,1
BRF:4
BRH:4
end_of_record
TN:
SF:C:\BusinessBusiness\tammy\src\reducers\positions.js
FN:3,(anonymous_0)
FNF:1
FNH:1
FNDA:2,(anonymous_0)
DA:1,1
DA:3,1
DA:4,2
DA:6,1
DA:8,1
LF:5
LH:5
BRDA:3,0,0,2
BRDA:4,1,0,1
BRDA:4,1,1,1
BRF:3
BRH:3
end_of_record
TN:
SF:C:\BusinessBusiness\tammy\src\reducers\user.js
FN:3,(anonymous_0)
FNF:1
FNH:1
FNDA:4,(anonymous_0)
DA:1,1
DA:3,1
DA:4,4
DA:6,1
DA:8,1
DA:10,1
DA:15,1
LF:7
LH:7
BRDA:3,0,0,3
BRDA:4,1,0,1
BRDA:4,1,1,1
BRDA:4,1,2,1
BRDA:4,1,3,1
BRF:5
BRH:5
end_of_record
TN:
SF:C:\BusinessBusiness\tammy\src\reducers\filters\positions.js
FN:6,(anonymous_0)
FNF:1
FNH:1
FNDA:3,(anonymous_0)
DA:2,1
DA:6,1
DA:7,3
DA:9,1
DA:14,1
DA:19,1
LF:6
LH:6
BRDA:6,0,0,2
BRDA:7,1,0,1
BRDA:7,1,1,1
BRDA:7,1,2,1
BRF:4
BRH:4
end_of_record
TN:
SF:C:\BusinessBusiness\tammy\src\routers\AppRouter.js
FN:18,AppRouter
FN:35,mapStateToProps
FNF:2
FNH:0
FNDA:0,AppRouter
FNDA:0,mapStateToProps
DA:1,0
DA:2,0
DA:3,0
DA:4,0
DA:6,0
DA:7,0
DA:9,0
DA:10,0
DA:11,0
DA:12,0
DA:13,0
DA:14,0
DA:16,0
DA:18,0
DA:35,0
DA:41,0
LF:16
LH:0
BRF:0
BRH:0
end_of_record
TN:
SF:C:\BusinessBusiness\tammy\src\routers\PrivateRoute.js
FN:8,PrivateRoute
FN:13,component
FN:31,mapStateToProps
FNF:3
FNH:0
FNDA:0,PrivateRoute
FNDA:0,component
FNDA:0,mapStateToProps
DA:1,0
DA:2,0
DA:3,0
DA:4,0
DA:5,0
DA:6,0
DA:8,0
DA:13,0
DA:26,0
DA:31,0
LF:10
LH:0
BRDA:15,0,0,0
BRDA:15,0,1,0
BRF:2
BRH:0
end_of_record
TN:
SF:C:\BusinessBusiness\tammy\src\routers\PublicRoute.js
FN:8,PublicRoute
FN:13,component
FN:31,mapStateToProps
FNF:3
FNH:0
FNDA:0,PublicRoute
FNDA:0,component
FNDA:0,mapStateToProps
DA:1,0
DA:2,0
DA:3,0
DA:4,0
DA:5,0
DA:6,0
DA:8,0
DA:13,0
DA:26,0
DA:31,0
LF:10
LH:0
BRDA:15,0,0,0
BRDA:15,0,1,0
BRF:2
BRH:0
end_of_record
TN:
SF:C:\BusinessBusiness\tammy\src\selectors\positions.js
FN:2,(anonymous_0)
FN:3,(anonymous_1)
FNF:2
FNH:2
FNDA:7,(anonymous_0)
FNDA:12,(anonymous_1)
DA:2,7
DA:4,12
DA:5,12
DA:6,12
LF:4
LH:4
BRDA:2,0,0,1
BRDA:6,1,0,12
BRDA:6,1,1,6
BRF:3
BRH:3
end_of_record
TN:
SF:C:\BusinessBusiness\tammy\src\store\configureStore.js
FNF:0
FNH:0
DA:1,0
DA:2,0
DA:3,0
DA:4,0
DA:5,0
DA:6,0
DA:7,0
DA:9,0
DA:12,0
DA:25,0
LF:10
LH:0
BRDA:9,0,0,0
BRDA:9,0,1,0
BRF:2
BRH:0
end_of_record
TN:
SF:C:\BusinessBusiness\tammy\src\tools\analytics.js
FN:10,initializeAnalytics
FN:14,handlePageView
FN:18,handleContainerView
FN:24,handleModalView
FN:28,handleEvent
FN:34,handleTestEvent
FNF:6
FNH:0
FNDA:0,initializeAnalytics
FNDA:0,handlePageView
FNDA:0,handleContainerView
FNDA:0,handleModalView
FNDA:0,handleEvent
FNDA:0,handleTestEvent
DA:1,0
DA:2,0
DA:4,0
DA:10,0
DA:11,0
DA:14,0
DA:15,0
DA:18,0
DA:19,0
DA:24,0
DA:25,0
DA:28,0
DA:29,0
DA:34,0
DA:35,0
LF:15
LH:0
BRDA:14,0,0,0
BRDA:14,0,1,0
BRDA:14,1,0,0
BRDA:14,1,1,0
BRF:4
BRH:0
end_of_record
TN:
SF:C:\BusinessBusiness\tammy\src\tools\analytics_events.js
FNF:0
FNH:0
DA:1,0
DA:3,0
DA:8,0
DA:13,0
LF:4
LH:0
BRF:0
BRH:0
end_of_record
TN:
SF:C:\BusinessBusiness\tammy\src\tools\constants.js
FNF:0
FNH:0
DA:1,6
DA:6,6
DA:13,6
DA:18,6
LF:4
LH:4
BRF:0
BRH:0
end_of_record
TN:
SF:C:\BusinessBusiness\tammy\src\tools\email.js
FN:3,(anonymous_0)
FNF:1
FNH:1
FNDA:6,(anonymous_0)
DA:3,6
LF:1
LH:1
BRF:0
BRH:0
end_of_record
TN:
SF:C:\BusinessBusiness\tammy\src\tools\history.js
FNF:0
FNH:0
DA:3,3
LF:1
LH:1
BRF:0
BRH:0
end_of_record
